#
# There is insufficient memory for the Java Runtime Environment to continue.
# Native memory allocation (malloc) failed to allocate 131088 bytes for Chunk::new
# Possible reasons:
#   The system is out of physical RAM or swap space
#   The process is running with CompressedOops enabled, and the Java Heap may be blocking the growth of the native heap
# Possible solutions:
#   Reduce memory load on the system
#   Increase physical memory or swap space
#   Check if swap backing store is full
#   Decrease Java heap size (-Xmx/-Xms)
#   Decrease number of Java threads
#   Decrease Java thread stack sizes (-Xss)
#   Set larger code cache with -XX:ReservedCodeCacheSize=
#   JVM is running with Unscaled Compressed Oops mode in which the Java heap is
#     placed in the first 4GB address space. The Java Heap base address is the
#     maximum limit for the native heap growth. Please use -XX:HeapBaseMinAddress
#     to set the Java Heap base and to place the Java Heap above 4GB virtual address.
# This output file may be truncated or incomplete.
#
#  Out of Memory Error (src/hotspot/share/memory/arena.cpp:197), pid=15912, tid=10668
#
# JRE version: OpenJDK Runtime Environment (11.0.15) (build 11.0.15+0-b2043.56-9505619)
# Java VM: OpenJDK 64-Bit Server VM (11.0.15+0-b2043.56-9505619, mixed mode, tiered, compressed oops, g1 gc, windows-amd64)
# No core dump will be written. Minidumps are not enabled by default on client versions of Windows
#

---------------  S U M M A R Y ------------

Command Line: --add-opens=java.base/java.util=ALL-UNNAMED --add-opens=java.base/java.lang=ALL-UNNAMED --add-opens=java.base/java.lang.invoke=ALL-UNNAMED --add-opens=java.base/java.util=ALL-UNNAMED --add-opens=java.prefs/java.util.prefs=ALL-UNNAMED --add-opens=java.prefs/java.util.prefs=ALL-UNNAMED --add-opens=java.base/java.nio.charset=ALL-UNNAMED --add-opens=java.base/java.net=ALL-UNNAMED --add-opens=java.base/java.util.concurrent.atomic=ALL-UNNAMED -Xmx2048m -Dfile.encoding=UTF-8 -Duser.country=IN -Duser.language=en -Duser.variant org.gradle.launcher.daemon.bootstrap.GradleDaemon 7.5

Host: AMD Ryzen 5 3500U with Radeon Vega Mobile Gfx  , 8 cores, 5G,  Windows 11 , 64 bit Build 22621 (10.0.22621.1635)
Time: Thu May 25 12:59:04 2023 India Standard Time elapsed time: 2739.232006 seconds (0d 0h 45m 39s)

---------------  T H R E A D  ---------------

Current thread (0x0000022b5d835800):  JavaThread "C2 CompilerThread2" daemon [_thread_in_native, id=10668, stack(0x0000004ed3d00000,0x0000004ed3e00000)]


Current CompileTask:
C2:2739232 25175       4       org.gradle.api.internal.artifacts.ivyservice.resolveengine.graph.builder.DependencyGraphBuilder::performSelectionSerially (121 bytes)

Stack: [0x0000004ed3d00000,0x0000004ed3e00000]
Native frames: (J=compiled Java code, j=interpreted, Vv=VM code, C=native code)
V  [jvm.dll+0x64135a]
V  [jvm.dll+0x7d39f9]
V  [jvm.dll+0x7d51b9]
V  [jvm.dll+0x7d58a3]
V  [jvm.dll+0x2691c5]
V  [jvm.dll+0xc1a5c]
V  [jvm.dll+0xc200c]
V  [jvm.dll+0xc1b6b]
V  [jvm.dll+0x61e08f]
V  [jvm.dll+0x556c6a]
V  [jvm.dll+0x5435f6]
V  [jvm.dll+0x546728]
V  [jvm.dll+0x546045]
V  [jvm.dll+0x545f30]
V  [jvm.dll+0x546068]
V  [jvm.dll+0x545f30]
V  [jvm.dll+0x546068]
V  [jvm.dll+0x545f30]
V  [jvm.dll+0x545f30]
V  [jvm.dll+0x54d2a0]
V  [jvm.dll+0x22a011]
V  [jvm.dll+0x223809]
V  [jvm.dll+0x220384]
V  [jvm.dll+0x19e851]
V  [jvm.dll+0x230479]
V  [jvm.dll+0x22e5ef]
V  [jvm.dll+0x794de1]
V  [jvm.dll+0x78dc24]
V  [jvm.dll+0x6400f6]
C  [ucrtbase.dll+0x29363]
C  [KERNEL32.DLL+0x126ad]
C  [ntdll.dll+0x5a9f8]


---------------  P R O C E S S  ---------------

Threads class SMR info:
_java_thread_list=0x0000022b5f6e2b60, length=149, elements={
0x0000022b3d880000, 0x0000022b57d2d800, 0x0000022b57d37800, 0x0000022b586b2800,
0x0000022b57d46800, 0x0000022b57d48000, 0x0000022b57d4a000, 0x0000022b57d4b000,
0x0000022b57d52000, 0x0000022b587f7800, 0x0000022b5aab3000, 0x0000022b5b1dc800,
0x0000022b5aa6c000, 0x0000022b5ab06800, 0x0000022b5ab0a800, 0x0000022b5ab09800,
0x0000022b5ab04800, 0x0000022b5ab05800, 0x0000022b5ab09000, 0x0000022b5b898800,
0x0000022b5b89b000, 0x0000022b5b896800, 0x0000022b5b897000, 0x0000022b5b89d800,
0x0000022b5b89f800, 0x0000022b5bb2e000, 0x0000022b5bb2f000, 0x0000022b5bb29000,
0x0000022b5bb31800, 0x0000022b5da85000, 0x0000022b5da90800, 0x0000022b5da8d800,
0x0000022b5da8b800, 0x0000022b5da8f000, 0x0000022b661d4000, 0x0000022b5ffbb000,
0x0000022b5ffbd000, 0x0000022b5c1c4800, 0x0000022b5c1c7000, 0x0000022b5c1c6000,
0x0000022b661d0800, 0x0000022b661d2800, 0x0000022b661d5000, 0x0000022b661d0000,
0x0000022b661d5800, 0x0000022b661d6800, 0x0000022b661d7000, 0x0000022b661d3000,
0x0000022b661d1800, 0x0000022b661dd000, 0x0000022b661de000, 0x0000022b661db800,
0x0000022b661d9000, 0x0000022b661d8000, 0x0000022b661d9800, 0x0000022b661dc000,
0x0000022b661da800, 0x0000022b661df800, 0x0000022b661e4800, 0x0000022b661de800,
0x0000022b661e5000, 0x0000022b661e3800, 0x0000022b661e6000, 0x0000022b661e0000,
0x0000022b661e7000, 0x0000022b661e1000, 0x0000022b661e2800, 0x0000022b661e7800,
0x0000022b661e2000, 0x0000022b661ed800, 0x0000022b661eb800, 0x0000022b661e9000,
0x0000022b661ec800, 0x0000022b661ee000, 0x0000022b661ea000, 0x0000022b661e8800,
0x0000022b661eb000, 0x0000022b661ef000, 0x0000022b6219c000, 0x0000022b621a0000,
0x0000022b621a1000, 0x0000022b621a2000, 0x0000022b621a2800, 0x0000022b6219e800,
0x0000022b6219d000, 0x0000022b621a3800, 0x0000022b6219d800, 0x0000022b621a8800,
0x0000022b621a6800, 0x0000022b621a4800, 0x0000022b621a6000, 0x0000022b621ab000,
0x0000022b621a7800, 0x0000022b621a9000, 0x0000022b621aa000, 0x0000022b621a5000,
0x0000022b5ffba000, 0x0000022b5ffb6800, 0x0000022b5ffb4800, 0x0000022b5ffb6000,
0x0000022b5ffb7800, 0x0000022b5ffb8800, 0x0000022b5ffb5000, 0x0000022b5ffbb800,
0x0000022b5ffbe000, 0x0000022b5ffb9000, 0x0000022b5ffbf000, 0x0000022b5ffc0800,
0x0000022b5ffc1800, 0x0000022b5ffc2000, 0x0000022b5ffbc800, 0x0000022b5ffbf800,
0x0000022b5ffc3000, 0x0000022b5b2ac800, 0x0000022b5b2ab000, 0x0000022b5b2ae000,
0x0000022b5b2af000, 0x0000022b5b2b0000, 0x0000022b5b2b0800, 0x0000022b5b2b1800,
0x0000022b5b2ab800, 0x0000022b5b2b4000, 0x0000022b5b2b6800, 0x0000022b5b2b7000,
0x0000022b5b2b8000, 0x0000022b5b2b2000, 0x0000022b5b2b9000, 0x0000022b5b2b3000,
0x0000022b5b2b9800, 0x0000022b5c1c5800, 0x0000022b5c1c8000, 0x0000022b5c1c8800,
0x0000022b5c1c3000, 0x0000022b5c1c9800, 0x0000022b5d833000, 0x0000022b5c1c3800,
0x0000022b5c1cf000, 0x0000022b5c1ce800, 0x0000022b5c1ca000, 0x0000022b5c1d1000,
0x0000022b5c1cc800, 0x0000022b5c1cb000, 0x0000022b5c1d1800, 0x0000022b5c1cc000,
0x0000022b5d835800, 0x0000022b5c1cd800, 0x0000022b5bb2a800, 0x0000022b5bb2a000,
0x0000022b5bb2b800
}

Java Threads: ( => current thread )
  0x0000022b3d880000 JavaThread "main" [_thread_blocked, id=13224, stack(0x0000004ecac00000,0x0000004ecad00000)]
  0x0000022b57d2d800 JavaThread "Reference Handler" daemon [_thread_blocked, id=1764, stack(0x0000004ecb300000,0x0000004ecb400000)]
  0x0000022b57d37800 JavaThread "Finalizer" daemon [_thread_blocked, id=17488, stack(0x0000004ecb400000,0x0000004ecb500000)]
  0x0000022b586b2800 JavaThread "Signal Dispatcher" daemon [_thread_blocked, id=6680, stack(0x0000004ecb500000,0x0000004ecb600000)]
  0x0000022b57d46800 JavaThread "Attach Listener" daemon [_thread_blocked, id=868, stack(0x0000004ecb600000,0x0000004ecb700000)]
  0x0000022b57d48000 JavaThread "Service Thread" daemon [_thread_blocked, id=13276, stack(0x0000004ecb700000,0x0000004ecb800000)]
  0x0000022b57d4a000 JavaThread "C2 CompilerThread0" daemon [_thread_in_native, id=15388, stack(0x0000004ecb800000,0x0000004ecb900000)]
  0x0000022b57d4b000 JavaThread "C1 CompilerThread0" daemon [_thread_in_vm, id=16020, stack(0x0000004ecb900000,0x0000004ecba00000)]
  0x0000022b57d52000 JavaThread "Sweeper thread" daemon [_thread_blocked, id=1728, stack(0x0000004ecba00000,0x0000004ecbb00000)]
  0x0000022b587f7800 JavaThread "Common-Cleaner" daemon [_thread_blocked, id=16412, stack(0x0000004ecbb00000,0x0000004ecbc00000)]
  0x0000022b5aab3000 JavaThread "Daemon health stats" [_thread_blocked, id=1808, stack(0x0000004ecbf00000,0x0000004ecc000000)]
  0x0000022b5b1dc800 JavaThread "Incoming local TCP Connector on port 55389" [_thread_in_native, id=2700, stack(0x0000004ecbd00000,0x0000004ecbe00000)]
  0x0000022b5aa6c000 JavaThread "Daemon periodic checks" [_thread_blocked, id=8244, stack(0x0000004ecc000000,0x0000004ecc100000)]
  0x0000022b5ab06800 JavaThread "Cache worker for journal cache (C:\Users\soumy\.gradle\caches\journal-1)" [_thread_blocked, id=16700, stack(0x0000004eccf00000,0x0000004ecd000000)]
  0x0000022b5ab0a800 JavaThread "File lock request listener" [_thread_in_native, id=5076, stack(0x0000004ecd000000,0x0000004ecd100000)]
  0x0000022b5ab09800 JavaThread "Cache worker for file hash cache (C:\Users\soumy\.gradle\caches\7.5\fileHashes)" [_thread_blocked, id=9612, stack(0x0000004ecd100000,0x0000004ecd200000)]
  0x0000022b5ab04800 JavaThread "File watcher server" daemon [_thread_in_native, id=4700, stack(0x0000004ecd300000,0x0000004ecd400000)]
  0x0000022b5ab05800 JavaThread "File watcher consumer" daemon [_thread_blocked, id=9456, stack(0x0000004ecd400000,0x0000004ecd500000)]
  0x0000022b5ab09000 JavaThread "Cache worker for file content cache (C:\Users\soumy\.gradle\caches\7.5\fileContent)" [_thread_blocked, id=7464, stack(0x0000004ecd700000,0x0000004ecd800000)]
  0x0000022b5b898800 JavaThread "Cache worker for execution history cache (C:\Users\soumy\.gradle\caches\7.5\executionHistory)" [_thread_blocked, id=1932, stack(0x0000004ecda00000,0x0000004ecdb00000)]
  0x0000022b5b89b000 JavaThread "jar transforms" [_thread_blocked, id=11272, stack(0x0000004ecdb00000,0x0000004ecdc00000)]
  0x0000022b5b896800 JavaThread "jar transforms Thread 2" [_thread_blocked, id=7828, stack(0x0000004ecdc00000,0x0000004ecdd00000)]
  0x0000022b5b897000 JavaThread "jar transforms Thread 3" [_thread_blocked, id=9508, stack(0x0000004ecdd00000,0x0000004ecde00000)]
  0x0000022b5b89d800 JavaThread "jar transforms Thread 4" [_thread_blocked, id=16824, stack(0x0000004ecde00000,0x0000004ecdf00000)]
  0x0000022b5b89f800 JavaThread "jar transforms Thread 5" [_thread_blocked, id=4928, stack(0x0000004ece000000,0x0000004ece100000)]
  0x0000022b5bb2e000 JavaThread "jar transforms Thread 6" [_thread_blocked, id=7920, stack(0x0000004ed3200000,0x0000004ed3300000)]
  0x0000022b5bb2f000 JavaThread "jar transforms Thread 7" [_thread_blocked, id=13944, stack(0x0000004ed3300000,0x0000004ed3400000)]
  0x0000022b5bb29000 JavaThread "jar transforms Thread 8" [_thread_blocked, id=12336, stack(0x0000004ed3400000,0x0000004ed3500000)]
  0x0000022b5bb31800 JavaThread "Memory manager" [_thread_blocked, id=17916, stack(0x0000004ed3600000,0x0000004ed3700000)]
  0x0000022b5da85000 JavaThread "RMI Scheduler(0)" daemon [_thread_blocked, id=11684, stack(0x0000004ed4900000,0x0000004ed4a00000)]
  0x0000022b5da90800 JavaThread "RMI GC Daemon" daemon [_thread_blocked, id=9864, stack(0x0000004ed4b00000,0x0000004ed4c00000)]
  0x0000022b5da8d800 JavaThread "RMI TCP Accept-0" daemon [_thread_in_native, id=11516, stack(0x0000004ed4c00000,0x0000004ed4d00000)]
  0x0000022b5da8b800 JavaThread "RMI Reaper" [_thread_blocked, id=9400, stack(0x0000004ed4d00000,0x0000004ed4e00000)]
  0x0000022b5da8f000 JavaThread "Cache worker for Java compile cache (C:\Users\soumy\.gradle\caches\7.5\javaCompile)" [_thread_blocked, id=18920, stack(0x0000004ed5100000,0x0000004ed5200000)]
  0x0000022b661d4000 JavaThread "ForkJoinPool.commonPool-worker-1" daemon [_thread_blocked, id=15536, stack(0x0000004ed6200000,0x0000004ed6300000)]
  0x0000022b5ffbb000 JavaThread "ForkJoinPool.commonPool-worker-3" daemon [_thread_blocked, id=19388, stack(0x0000004ed5000000,0x0000004ed5100000)]
  0x0000022b5ffbd000 JavaThread "ForkJoinPool.commonPool-worker-5" daemon [_thread_blocked, id=10816, stack(0x0000004ed5300000,0x0000004ed5400000)]
  0x0000022b5c1c4800 JavaThread "ForkJoinPool.commonPool-worker-7" daemon [_thread_blocked, id=15820, stack(0x0000004ed4400000,0x0000004ed4500000)]
  0x0000022b5c1c7000 JavaThread "ForkJoinPool.commonPool-worker-9" daemon [_thread_blocked, id=11220, stack(0x0000004ed4500000,0x0000004ed4600000)]
  0x0000022b5c1c6000 JavaThread "ForkJoinPool.commonPool-worker-11" daemon [_thread_blocked, id=15376, stack(0x0000004ed4600000,0x0000004ed4700000)]
  0x0000022b661d0800 JavaThread "Daemon Thread 10" [_thread_blocked, id=9076, stack(0x0000004eca900000,0x0000004ecaa00000)]
  0x0000022b661d2800 JavaThread "Handler for socket connection from /127.0.0.1:55389 to /127.0.0.1:57876" [_thread_in_native, id=2832, stack(0x0000004ecaa00000,0x0000004ecab00000)]
  0x0000022b661d5000 JavaThread "Cancel handler" [_thread_blocked, id=13772, stack(0x0000004ecab00000,0x0000004ecac00000)]
  0x0000022b661d0000 JavaThread "Daemon worker Thread 10" [_thread_blocked, id=14124, stack(0x0000004ecc100000,0x0000004ecc200000)]
  0x0000022b661d5800 JavaThread "Asynchronous log dispatcher for DefaultDaemonConnection: socket connection from /127.0.0.1:55389 to /127.0.0.1:57876" [_thread_in_native, id=13120, stack(0x0000004ecc200000,0x0000004ecc300000)]
  0x0000022b661d6800 JavaThread "Stdin handler" [_thread_blocked, id=18720, stack(0x0000004ecc300000,0x0000004ecc400000)]
  0x0000022b661d7000 JavaThread "Daemon client event forwarder" [_thread_blocked, id=18420, stack(0x0000004ecc400000,0x0000004ecc500000)]
  0x0000022b661d3000 JavaThread "Cache worker for checksums cache (C:\Users\soumy\AndroidStudioProjects\MyAccessibilityService\.gradle\7.5\checksums)" [_thread_blocked, id=11936, stack(0x0000004ecc500000,0x0000004ecc600000)]
  0x0000022b661d1800 JavaThread "Cache worker for cache directory md-rule (C:\Users\soumy\.gradle\caches\7.5\md-rule)" [_thread_blocked, id=4908, stack(0x0000004ecc600000,0x0000004ecc700000)]
  0x0000022b661dd000 JavaThread "Cache worker for file hash cache (C:\Users\soumy\AndroidStudioProjects\MyAccessibilityService\.gradle\7.5\fileHashes)" [_thread_blocked, id=1724, stack(0x0000004eccd00000,0x0000004ecce00000)]
  0x0000022b661de000 JavaThread "Cache worker for cache directory md-supplier (C:\Users\soumy\.gradle\caches\7.5\md-supplier)" [_thread_blocked, id=3516, stack(0x0000004ecce00000,0x0000004eccf00000)]
  0x0000022b661db800 JavaThread "Cache worker for dependencies-accessors (C:\Users\soumy\AndroidStudioProjects\MyAccessibilityService\.gradle\7.5\dependencies-accessors)" [_thread_blocked, id=19416, stack(0x0000004ecd500000,0x0000004ecd600000)]
  0x0000022b661d9000 JavaThread "Cache worker for Build Output Cleanup Cache (C:\Users\soumy\AndroidStudioProjects\MyAccessibilityService\.gradle\buildOutputCleanup)" [_thread_blocked, id=3748, stack(0x0000004ecd600000,0x0000004ecd700000)]
  0x0000022b661d8000 JavaThread "Unconstrained build operations" [_thread_blocked, id=4024, stack(0x0000004ecd800000,0x0000004ecd900000)]
  0x0000022b661d9800 JavaThread "Unconstrained build operations Thread 2" [_thread_blocked, id=18308, stack(0x0000004ecd900000,0x0000004ecda00000)]
  0x0000022b661dc000 JavaThread "Unconstrained build operations Thread 3" [_thread_blocked, id=9572, stack(0x0000004ecdf00000,0x0000004ece000000)]
  0x0000022b661da800 JavaThread "Unconstrained build operations Thread 4" [_thread_blocked, id=3836, stack(0x0000004ece100000,0x0000004ece200000)]
  0x0000022b661df800 JavaThread "Unconstrained build operations Thread 5" [_thread_blocked, id=6872, stack(0x0000004ece200000,0x0000004ece300000)]
  0x0000022b661e4800 JavaThread "Unconstrained build operations Thread 6" [_thread_blocked, id=18140, stack(0x0000004ece300000,0x0000004ece400000)]
  0x0000022b661de800 JavaThread "Unconstrained build operations Thread 7" [_thread_blocked, id=16664, stack(0x0000004ece400000,0x0000004ece500000)]
  0x0000022b661e5000 JavaThread "Unconstrained build operations Thread 8" [_thread_blocked, id=8180, stack(0x0000004ece500000,0x0000004ece600000)]
  0x0000022b661e3800 JavaThread "Unconstrained build operations Thread 9" [_thread_blocked, id=17472, stack(0x0000004ece600000,0x0000004ece700000)]
  0x0000022b661e6000 JavaThread "Unconstrained build operations Thread 10" [_thread_blocked, id=17068, stack(0x0000004ece700000,0x0000004ece800000)]
  0x0000022b661e0000 JavaThread "Unconstrained build operations Thread 11" [_thread_blocked, id=4736, stack(0x0000004ece800000,0x0000004ece900000)]
  0x0000022b661e7000 JavaThread "Unconstrained build operations Thread 12" [_thread_blocked, id=11204, stack(0x0000004ece900000,0x0000004ecea00000)]
  0x0000022b661e1000 JavaThread "Unconstrained build operations Thread 13" [_thread_blocked, id=8116, stack(0x0000004ecea00000,0x0000004eceb00000)]
  0x0000022b661e2800 JavaThread "Unconstrained build operations Thread 14" [_thread_blocked, id=12892, stack(0x0000004eceb00000,0x0000004ecec00000)]
  0x0000022b661e7800 JavaThread "Unconstrained build operations Thread 15" [_thread_blocked, id=12828, stack(0x0000004ecec00000,0x0000004eced00000)]
  0x0000022b661e2000 JavaThread "Unconstrained build operations Thread 16" [_thread_blocked, id=8748, stack(0x0000004eced00000,0x0000004ecee00000)]
  0x0000022b661ed800 JavaThread "Unconstrained build operations Thread 17" [_thread_blocked, id=7412, stack(0x0000004ecee00000,0x0000004ecef00000)]
  0x0000022b661eb800 JavaThread "Unconstrained build operations Thread 18" [_thread_blocked, id=18496, stack(0x0000004ecef00000,0x0000004ecf000000)]
  0x0000022b661e9000 JavaThread "Unconstrained build operations Thread 19" [_thread_blocked, id=18508, stack(0x0000004ecf000000,0x0000004ecf100000)]
  0x0000022b661ec800 JavaThread "Unconstrained build operations Thread 20" [_thread_blocked, id=9332, stack(0x0000004ecf100000,0x0000004ecf200000)]
  0x0000022b661ee000 JavaThread "Unconstrained build operations Thread 21" [_thread_blocked, id=15528, stack(0x0000004ecf200000,0x0000004ecf300000)]
  0x0000022b661ea000 JavaThread "Unconstrained build operations Thread 22" [_thread_blocked, id=13424, stack(0x0000004ecf300000,0x0000004ecf400000)]
  0x0000022b661e8800 JavaThread "Unconstrained build operations Thread 23" [_thread_blocked, id=9232, stack(0x0000004ecf400000,0x0000004ecf500000)]
  0x0000022b661eb000 JavaThread "Unconstrained build operations Thread 24" [_thread_blocked, id=9420, stack(0x0000004ecf500000,0x0000004ecf600000)]
  0x0000022b661ef000 JavaThread "Unconstrained build operations Thread 25" [_thread_blocked, id=10004, stack(0x0000004ecf600000,0x0000004ecf700000)]
  0x0000022b6219c000 JavaThread "Unconstrained build operations Thread 26" [_thread_blocked, id=13348, stack(0x0000004ecf700000,0x0000004ecf800000)]
  0x0000022b621a0000 JavaThread "Unconstrained build operations Thread 27" [_thread_blocked, id=14792, stack(0x0000004ecf800000,0x0000004ecf900000)]
  0x0000022b621a1000 JavaThread "Unconstrained build operations Thread 28" [_thread_blocked, id=10820, stack(0x0000004ecf900000,0x0000004ecfa00000)]
  0x0000022b621a2000 JavaThread "Unconstrained build operations Thread 29" [_thread_blocked, id=11480, stack(0x0000004ecfa00000,0x0000004ecfb00000)]
  0x0000022b621a2800 JavaThread "Unconstrained build operations Thread 30" [_thread_blocked, id=15840, stack(0x0000004ecfb00000,0x0000004ecfc00000)]
  0x0000022b6219e800 JavaThread "Unconstrained build operations Thread 31" [_thread_blocked, id=19036, stack(0x0000004ecfc00000,0x0000004ecfd00000)]
  0x0000022b6219d000 JavaThread "Unconstrained build operations Thread 32" [_thread_blocked, id=6092, stack(0x0000004ecfd00000,0x0000004ecfe00000)]
  0x0000022b621a3800 JavaThread "Unconstrained build operations Thread 33" [_thread_blocked, id=6148, stack(0x0000004ecfe00000,0x0000004ecff00000)]
  0x0000022b6219d800 JavaThread "Unconstrained build operations Thread 34" [_thread_blocked, id=14240, stack(0x0000004ecff00000,0x0000004ed0000000)]
  0x0000022b621a8800 JavaThread "Unconstrained build operations Thread 35" [_thread_blocked, id=7120, stack(0x0000004ed0000000,0x0000004ed0100000)]
  0x0000022b621a6800 JavaThread "Unconstrained build operations Thread 36" [_thread_blocked, id=7268, stack(0x0000004ed0100000,0x0000004ed0200000)]
  0x0000022b621a4800 JavaThread "Unconstrained build operations Thread 37" [_thread_blocked, id=17360, stack(0x0000004ed0200000,0x0000004ed0300000)]
  0x0000022b621a6000 JavaThread "Unconstrained build operations Thread 38" [_thread_blocked, id=13512, stack(0x0000004ed0300000,0x0000004ed0400000)]
  0x0000022b621ab000 JavaThread "Unconstrained build operations Thread 39" [_thread_blocked, id=11476, stack(0x0000004ed0400000,0x0000004ed0500000)]
  0x0000022b621a7800 JavaThread "Unconstrained build operations Thread 40" [_thread_blocked, id=4452, stack(0x0000004ed0500000,0x0000004ed0600000)]
  0x0000022b621a9000 JavaThread "Unconstrained build operations Thread 41" [_thread_blocked, id=17580, stack(0x0000004ed0600000,0x0000004ed0700000)]
  0x0000022b621aa000 JavaThread "Unconstrained build operations Thread 42" [_thread_blocked, id=3604, stack(0x0000004ed0700000,0x0000004ed0800000)]
  0x0000022b621a5000 JavaThread "Unconstrained build operations Thread 43" [_thread_blocked, id=5272, stack(0x0000004ed0800000,0x0000004ed0900000)]
  0x0000022b5ffba000 JavaThread "Unconstrained build operations Thread 44" [_thread_blocked, id=10464, stack(0x0000004ed0900000,0x0000004ed0a00000)]
  0x0000022b5ffb6800 JavaThread "Unconstrained build operations Thread 45" [_thread_blocked, id=4900, stack(0x0000004ed0a00000,0x0000004ed0b00000)]
  0x0000022b5ffb4800 JavaThread "Unconstrained build operations Thread 46" [_thread_blocked, id=14080, stack(0x0000004ed0b00000,0x0000004ed0c00000)]
  0x0000022b5ffb6000 JavaThread "Unconstrained build operations Thread 47" [_thread_blocked, id=15620, stack(0x0000004ed0c00000,0x0000004ed0d00000)]
  0x0000022b5ffb7800 JavaThread "Unconstrained build operations Thread 48" [_thread_blocked, id=5496, stack(0x0000004ed0d00000,0x0000004ed0e00000)]
  0x0000022b5ffb8800 JavaThread "Unconstrained build operations Thread 49" [_thread_blocked, id=12428, stack(0x0000004ed0e00000,0x0000004ed0f00000)]
  0x0000022b5ffb5000 JavaThread "Unconstrained build operations Thread 50" [_thread_blocked, id=6320, stack(0x0000004ed0f00000,0x0000004ed1000000)]
  0x0000022b5ffbb800 JavaThread "Unconstrained build operations Thread 51" [_thread_blocked, id=9816, stack(0x0000004ed1000000,0x0000004ed1100000)]
  0x0000022b5ffbe000 JavaThread "Unconstrained build operations Thread 52" [_thread_blocked, id=8804, stack(0x0000004ed1100000,0x0000004ed1200000)]
  0x0000022b5ffb9000 JavaThread "Unconstrained build operations Thread 53" [_thread_blocked, id=6332, stack(0x0000004ed1200000,0x0000004ed1300000)]
  0x0000022b5ffbf000 JavaThread "Unconstrained build operations Thread 54" [_thread_blocked, id=8412, stack(0x0000004ed1300000,0x0000004ed1400000)]
  0x0000022b5ffc0800 JavaThread "Unconstrained build operations Thread 55" [_thread_blocked, id=7616, stack(0x0000004ed1400000,0x0000004ed1500000)]
  0x0000022b5ffc1800 JavaThread "Unconstrained build operations Thread 56" [_thread_blocked, id=6868, stack(0x0000004ed1500000,0x0000004ed1600000)]
  0x0000022b5ffc2000 JavaThread "Unconstrained build operations Thread 57" [_thread_blocked, id=16376, stack(0x0000004ed1600000,0x0000004ed1700000)]
  0x0000022b5ffbc800 JavaThread "Unconstrained build operations Thread 58" [_thread_blocked, id=11464, stack(0x0000004ed1700000,0x0000004ed1800000)]
  0x0000022b5ffbf800 JavaThread "Unconstrained build operations Thread 59" [_thread_blocked, id=17224, stack(0x0000004ed1800000,0x0000004ed1900000)]
  0x0000022b5ffc3000 JavaThread "Unconstrained build operations Thread 60" [_thread_blocked, id=19444, stack(0x0000004ed1900000,0x0000004ed1a00000)]
  0x0000022b5b2ac800 JavaThread "Unconstrained build operations Thread 61" [_thread_blocked, id=14908, stack(0x0000004ed1a00000,0x0000004ed1b00000)]
  0x0000022b5b2ab000 JavaThread "Unconstrained build operations Thread 62" [_thread_blocked, id=12284, stack(0x0000004ed1b00000,0x0000004ed1c00000)]
  0x0000022b5b2ae000 JavaThread "Unconstrained build operations Thread 63" [_thread_blocked, id=10360, stack(0x0000004ed1c00000,0x0000004ed1d00000)]
  0x0000022b5b2af000 JavaThread "Unconstrained build operations Thread 64" [_thread_blocked, id=11756, stack(0x0000004ed1d00000,0x0000004ed1e00000)]
  0x0000022b5b2b0000 JavaThread "Unconstrained build operations Thread 65" [_thread_blocked, id=11700, stack(0x0000004ed1e00000,0x0000004ed1f00000)]
  0x0000022b5b2b0800 JavaThread "Unconstrained build operations Thread 66" [_thread_blocked, id=2160, stack(0x0000004ed1f00000,0x0000004ed2000000)]
  0x0000022b5b2b1800 JavaThread "Unconstrained build operations Thread 67" [_thread_blocked, id=19308, stack(0x0000004ed2000000,0x0000004ed2100000)]
  0x0000022b5b2ab800 JavaThread "Unconstrained build operations Thread 68" [_thread_blocked, id=2584, stack(0x0000004ed2100000,0x0000004ed2200000)]
  0x0000022b5b2b4000 JavaThread "Unconstrained build operations Thread 69" [_thread_blocked, id=18088, stack(0x0000004ed2200000,0x0000004ed2300000)]
  0x0000022b5b2b6800 JavaThread "Unconstrained build operations Thread 70" [_thread_blocked, id=7144, stack(0x0000004ed2300000,0x0000004ed2400000)]
  0x0000022b5b2b7000 JavaThread "Unconstrained build operations Thread 71" [_thread_blocked, id=8036, stack(0x0000004ed2400000,0x0000004ed2500000)]
  0x0000022b5b2b8000 JavaThread "Unconstrained build operations Thread 72" [_thread_blocked, id=14236, stack(0x0000004ed2500000,0x0000004ed2600000)]
  0x0000022b5b2b2000 JavaThread "Unconstrained build operations Thread 73" [_thread_blocked, id=1396, stack(0x0000004ed2600000,0x0000004ed2700000)]
  0x0000022b5b2b9000 JavaThread "Unconstrained build operations Thread 74" [_thread_blocked, id=19168, stack(0x0000004ed2700000,0x0000004ed2800000)]
  0x0000022b5b2b3000 JavaThread "Unconstrained build operations Thread 75" [_thread_blocked, id=16660, stack(0x0000004ed2800000,0x0000004ed2900000)]
  0x0000022b5b2b9800 JavaThread "Unconstrained build operations Thread 76" [_thread_blocked, id=12412, stack(0x0000004ed2900000,0x0000004ed2a00000)]
  0x0000022b5c1c5800 JavaThread "Unconstrained build operations Thread 77" [_thread_blocked, id=11992, stack(0x0000004ed2a00000,0x0000004ed2b00000)]
  0x0000022b5c1c8000 JavaThread "Unconstrained build operations Thread 78" [_thread_blocked, id=1700, stack(0x0000004ed2b00000,0x0000004ed2c00000)]
  0x0000022b5c1c8800 JavaThread "Unconstrained build operations Thread 79" [_thread_blocked, id=13232, stack(0x0000004ed2c00000,0x0000004ed2d00000)]
  0x0000022b5c1c3000 JavaThread "Unconstrained build operations Thread 80" [_thread_blocked, id=15864, stack(0x0000004ed2d00000,0x0000004ed2e00000)]
  0x0000022b5c1c9800 JavaThread "build event listener" [_thread_blocked, id=8560, stack(0x0000004ed2f00000,0x0000004ed3000000)]
  0x0000022b5d833000 JavaThread "C2 CompilerThread1" daemon [_thread_in_native, id=6188, stack(0x0000004ed2e00000,0x0000004ed2f00000)]
  0x0000022b5c1c3800 JavaThread "included builds" [_thread_blocked, id=17864, stack(0x0000004ed3000000,0x0000004ed3100000)]
  0x0000022b5c1cf000 JavaThread "Execution worker" [_thread_blocked, id=9856, stack(0x0000004ed3100000,0x0000004ed3200000)]
  0x0000022b5c1ce800 JavaThread "Execution worker Thread 2" [_thread_blocked, id=10320, stack(0x0000004ed3500000,0x0000004ed3600000)]
  0x0000022b5c1ca000 JavaThread "Execution worker Thread 3" [_thread_blocked, id=19184, stack(0x0000004ed3700000,0x0000004ed3800000)]
  0x0000022b5c1d1000 JavaThread "Execution worker Thread 4" [_thread_blocked, id=13168, stack(0x0000004ed3800000,0x0000004ed3900000)]
  0x0000022b5c1cc800 JavaThread "Execution worker Thread 5" [_thread_blocked, id=9944, stack(0x0000004ed3900000,0x0000004ed3a00000)]
  0x0000022b5c1cb000 JavaThread "Execution worker Thread 6" [_thread_blocked, id=964, stack(0x0000004ed3a00000,0x0000004ed3b00000)]
  0x0000022b5c1d1800 JavaThread "Execution worker Thread 7" [_thread_blocked, id=4400, stack(0x0000004ed3b00000,0x0000004ed3c00000)]
  0x0000022b5c1cc000 JavaThread "Cache worker for execution history cache (C:\Users\soumy\AndroidStudioProjects\MyAccessibilityService\.gradle\7.5\executionHistory)" [_thread_blocked, id=3212, stack(0x0000004ed3c00000,0x0000004ed3d00000)]
=>0x0000022b5d835800 JavaThread "C2 CompilerThread2" daemon [_thread_in_native, id=10668, stack(0x0000004ed3d00000,0x0000004ed3e00000)]
  0x0000022b5c1cd800 JavaThread "WorkerExecutor Queue" [_thread_blocked, id=11904, stack(0x0000004ed3e00000,0x0000004ed3f00000)]
  0x0000022b5bb2a800 JavaThread "pool-37-thread-1" [_thread_blocked, id=12344, stack(0x0000004ed4200000,0x0000004ed4300000)]
  0x0000022b5bb2a000 JavaThread "stderr" [_thread_in_native, id=9448, stack(0x0000004ed4300000,0x0000004ed4400000)]
  0x0000022b5bb2b800 JavaThread "stdout" [_thread_in_native, id=11828, stack(0x0000004ed4700000,0x0000004ed4800000)]

Other Threads:
  0x0000022b57d29800 VMThread "VM Thread" [stack: 0x0000004ecb200000,0x0000004ecb300000] [id=15636]
  0x0000022b5883d800 WatcherThread [stack: 0x0000004ecbc00000,0x0000004ecbd00000] [id=10868]
  0x0000022b3d89a800 GCTaskThread "GC Thread#0" [stack: 0x0000004ecad00000,0x0000004ecae00000] [id=6212]
  0x0000022b58b98800 GCTaskThread "GC Thread#1" [stack: 0x0000004ecbe00000,0x0000004ecbf00000] [id=17256]
  0x0000022b5aaa7000 GCTaskThread "GC Thread#2" [stack: 0x0000004ecc700000,0x0000004ecc800000] [id=7848]
  0x0000022b5a155800 GCTaskThread "GC Thread#3" [stack: 0x0000004ecc800000,0x0000004ecc900000] [id=14544]
  0x0000022b5b792000 GCTaskThread "GC Thread#4" [stack: 0x0000004ecc900000,0x0000004ecca00000] [id=3040]
  0x0000022b59f90000 GCTaskThread "GC Thread#5" [stack: 0x0000004ecca00000,0x0000004eccb00000] [id=8760]
  0x0000022b59f94000 GCTaskThread "GC Thread#6" [stack: 0x0000004eccb00000,0x0000004eccc00000] [id=4932]
  0x0000022b59f91000 GCTaskThread "GC Thread#7" [stack: 0x0000004eccc00000,0x0000004eccd00000] [id=16648]
  0x0000022b3d8cc800 ConcurrentGCThread "G1 Main Marker" [stack: 0x0000004ecae00000,0x0000004ecaf00000] [id=8368]
  0x0000022b3d8cf800 ConcurrentGCThread "G1 Conc#0" [stack: 0x0000004ecaf00000,0x0000004ecb000000] [id=3288]
  0x0000022b59f92800 ConcurrentGCThread "G1 Conc#1" [stack: 0x0000004ecd200000,0x0000004ecd300000] [id=12244]
  0x0000022b57b80800 ConcurrentGCThread "G1 Refine#0" [stack: 0x0000004ecb000000,0x0000004ecb100000] [id=16064]
  0x0000022b59f95800 ConcurrentGCThread "G1 Refine#1" [stack: 0x0000004ed3f00000,0x0000004ed4000000] [id=18032]
  0x0000022b61fe4000 ConcurrentGCThread "G1 Refine#2" [stack: 0x0000004ed4000000,0x0000004ed4100000] [id=7212]
  0x0000022b61fe6800 ConcurrentGCThread "G1 Refine#3" [stack: 0x0000004ed4100000,0x0000004ed4200000] [id=16088]
  0x0000022b3d946800 ConcurrentGCThread "G1 Young RemSet Sampling" [stack: 0x0000004ecb100000,0x0000004ecb200000] [id=10872]

Threads with active compile tasks:
C2 CompilerThread0  2739342 25230       4       org.gradle.execution.plan.DefaultPlanExecutor$MergedQueues::executionState (103 bytes)
C2 CompilerThread1  2739342 25227       4       org.gradle.execution.plan.DefaultExecutionPlan::attemptToStart (68 bytes)
C2 CompilerThread2  2739342 25175       4       org.gradle.api.internal.artifacts.ivyservice.resolveengine.graph.builder.DependencyGraphBuilder::performSelectionSerially (121 bytes)

VM state:not at safepoint (normal execution)

VM Mutex/Monitor currently owned by a thread: None

Heap address: 0x0000000080000000, size: 2048 MB, Compressed Oops mode: 32-bit
Narrow klass base: 0x0000000000000000, Narrow klass shift: 3
Compressed class space size: 1073741824 Address: 0x0000000100000000

Heap:
 garbage-first heap   total 248832K, used 153768K [0x0000000080000000, 0x0000000100000000)
  region size 1024K, 45 young (46080K), 1 survivors (1024K)
 Metaspace       used 128991K, capacity 133649K, committed 133788K, reserved 1165312K
  class space    used 16447K, capacity 18145K, committed 18200K, reserved 1048576K
Heap Regions: E=young(eden), S=young(survivor), O=old, HS=humongous(starts), HC=humongous(continues), CS=collection set, F=free, A=archive, TAMS=top-at-mark-start (previous, next)
|   0|0x0000000080000000, 0x0000000080100000, 0x0000000080100000|100%| O|  |TAMS 0x0000000080100000, 0x0000000080000000| Untracked 
|   1|0x0000000080100000, 0x0000000080200000, 0x0000000080200000|100%| O|  |TAMS 0x0000000080200000, 0x0000000080100000| Untracked 
|   2|0x0000000080200000, 0x0000000080300000, 0x0000000080300000|100%| O|  |TAMS 0x0000000080300000, 0x0000000080200000| Untracked 
|   3|0x0000000080300000, 0x0000000080400000, 0x0000000080400000|100%|HS|  |TAMS 0x0000000080400000, 0x0000000080300000| Complete 
|   4|0x0000000080400000, 0x0000000080500000, 0x0000000080500000|100%|HC|  |TAMS 0x0000000080500000, 0x0000000080400000| Complete 
|   5|0x0000000080500000, 0x0000000080600000, 0x0000000080600000|100%|HC|  |TAMS 0x0000000080600000, 0x0000000080500000| Complete 
|   6|0x0000000080600000, 0x0000000080700000, 0x0000000080700000|100%| O|  |TAMS 0x0000000080700000, 0x0000000080600000| Untracked 
|   7|0x0000000080700000, 0x0000000080800000, 0x0000000080800000|100%| O|  |TAMS 0x0000000080800000, 0x0000000080700000| Untracked 
|   8|0x0000000080800000, 0x0000000080900000, 0x0000000080900000|100%| O|  |TAMS 0x0000000080900000, 0x0000000080800000| Untracked 
|   9|0x0000000080900000, 0x0000000080a00000, 0x0000000080a00000|100%| O|  |TAMS 0x0000000080a00000, 0x0000000080900000| Untracked 
|  10|0x0000000080a00000, 0x0000000080b00000, 0x0000000080b00000|100%| O|  |TAMS 0x0000000080b00000, 0x0000000080a00000| Untracked 
|  11|0x0000000080b00000, 0x0000000080c00000, 0x0000000080c00000|100%| O|  |TAMS 0x0000000080c00000, 0x0000000080b00000| Untracked 
|  12|0x0000000080c00000, 0x0000000080d00000, 0x0000000080d00000|100%| O|  |TAMS 0x0000000080d00000, 0x0000000080c00000| Untracked 
|  13|0x0000000080d00000, 0x0000000080e00000, 0x0000000080e00000|100%| O|  |TAMS 0x0000000080e00000, 0x0000000080d00000| Untracked 
|  14|0x0000000080e00000, 0x0000000080f00000, 0x0000000080f00000|100%| O|  |TAMS 0x0000000080f00000, 0x0000000080e00000| Untracked 
|  15|0x0000000080f00000, 0x0000000081000000, 0x0000000081000000|100%| O|  |TAMS 0x0000000081000000, 0x0000000080f00000| Untracked 
|  16|0x0000000081000000, 0x0000000081100000, 0x0000000081100000|100%| O|  |TAMS 0x0000000081100000, 0x0000000081000000| Untracked 
|  17|0x0000000081100000, 0x0000000081200000, 0x0000000081200000|100%| O|  |TAMS 0x0000000081200000, 0x0000000081100000| Untracked 
|  18|0x0000000081200000, 0x0000000081300000, 0x0000000081300000|100%| O|  |TAMS 0x0000000081300000, 0x0000000081200000| Untracked 
|  19|0x0000000081300000, 0x0000000081400000, 0x0000000081400000|100%| O|  |TAMS 0x0000000081400000, 0x0000000081300000| Untracked 
|  20|0x0000000081400000, 0x0000000081500000, 0x0000000081500000|100%| O|  |TAMS 0x0000000081500000, 0x0000000081400000| Untracked 
|  21|0x0000000081500000, 0x0000000081600000, 0x0000000081600000|100%| O|  |TAMS 0x0000000081600000, 0x0000000081500000| Untracked 
|  22|0x0000000081600000, 0x0000000081700000, 0x0000000081700000|100%| O|  |TAMS 0x0000000081700000, 0x0000000081600000| Untracked 
|  23|0x0000000081700000, 0x0000000081700000, 0x0000000081800000|  0%| F|  |TAMS 0x0000000081700000, 0x0000000081700000| Untracked 
|  24|0x0000000081800000, 0x0000000081900000, 0x0000000081900000|100%|HS|  |TAMS 0x0000000081900000, 0x0000000081800000| Complete 
|  25|0x0000000081900000, 0x0000000081a00000, 0x0000000081a00000|100%| O|  |TAMS 0x0000000081a00000, 0x0000000081900000| Untracked 
|  26|0x0000000081a00000, 0x0000000081b00000, 0x0000000081b00000|100%| O|  |TAMS 0x0000000081b00000, 0x0000000081a00000| Untracked 
|  27|0x0000000081b00000, 0x0000000081c00000, 0x0000000081c00000|100%| O|  |TAMS 0x0000000081c00000, 0x0000000081b00000| Untracked 
|  28|0x0000000081c00000, 0x0000000081d00000, 0x0000000081d00000|100%|HS|  |TAMS 0x0000000081d00000, 0x0000000081c00000| Complete 
|  29|0x0000000081d00000, 0x0000000081e00000, 0x0000000081e00000|100%|HC|  |TAMS 0x0000000081e00000, 0x0000000081d00000| Complete 
|  30|0x0000000081e00000, 0x0000000081f00000, 0x0000000081f00000|100%|HS|  |TAMS 0x0000000081f00000, 0x0000000081e00000| Complete 
|  31|0x0000000081f00000, 0x0000000082000000, 0x0000000082000000|100%| O|  |TAMS 0x0000000082000000, 0x0000000081f00000| Untracked 
|  32|0x0000000082000000, 0x0000000082100000, 0x0000000082100000|100%| O|  |TAMS 0x0000000082000000, 0x0000000082000000| Untracked 
|  33|0x0000000082100000, 0x0000000082100000, 0x0000000082200000|  0%| F|  |TAMS 0x0000000082100000, 0x0000000082100000| Untracked 
|  34|0x0000000082200000, 0x0000000082300000, 0x0000000082300000|100%|HS|  |TAMS 0x0000000082300000, 0x0000000082200000| Complete 
|  35|0x0000000082300000, 0x0000000082400000, 0x0000000082400000|100%|HC|  |TAMS 0x0000000082400000, 0x0000000082300000| Complete 
|  36|0x0000000082400000, 0x0000000082500000, 0x0000000082500000|100%|HC|  |TAMS 0x0000000082500000, 0x0000000082400000| Complete 
|  37|0x0000000082500000, 0x0000000082600000, 0x0000000082600000|100%|HC|  |TAMS 0x0000000082600000, 0x0000000082500000| Complete 
|  38|0x0000000082600000, 0x0000000082600000, 0x0000000082700000|  0%| F|  |TAMS 0x0000000082600000, 0x0000000082600000| Untracked 
|  39|0x0000000082700000, 0x0000000082800000, 0x0000000082800000|100%| O|  |TAMS 0x0000000082800000, 0x0000000082700000| Untracked 
|  40|0x0000000082800000, 0x0000000082900000, 0x0000000082900000|100%| O|  |TAMS 0x0000000082800000, 0x0000000082800000| Untracked 
|  41|0x0000000082900000, 0x0000000082a00000, 0x0000000082a00000|100%| O|  |TAMS 0x0000000082a00000, 0x0000000082900000| Untracked 
|  42|0x0000000082a00000, 0x0000000082b00000, 0x0000000082b00000|100%| O|  |TAMS 0x0000000082a00000, 0x0000000082a00000| Untracked 
|  43|0x0000000082b00000, 0x0000000082b00000, 0x0000000082c00000|  0%| F|  |TAMS 0x0000000082b00000, 0x0000000082b00000| Untracked 
|  44|0x0000000082c00000, 0x0000000082c00000, 0x0000000082d00000|  0%| F|  |TAMS 0x0000000082c00000, 0x0000000082c00000| Untracked 
|  45|0x0000000082d00000, 0x0000000082e00000, 0x0000000082e00000|100%| O|  |TAMS 0x0000000082e00000, 0x0000000082d00000| Untracked 
|  46|0x0000000082e00000, 0x0000000082f00000, 0x0000000082f00000|100%| O|  |TAMS 0x0000000082f00000, 0x0000000082e00000| Untracked 
|  47|0x0000000082f00000, 0x0000000082f00000, 0x0000000083000000|  0%| F|  |TAMS 0x0000000082f00000, 0x0000000082f00000| Untracked 
|  48|0x0000000083000000, 0x0000000083100000, 0x0000000083100000|100%| O|  |TAMS 0x0000000083100000, 0x0000000083000000| Untracked 
|  49|0x0000000083100000, 0x0000000083100000, 0x0000000083200000|  0%| F|  |TAMS 0x0000000083100000, 0x0000000083100000| Untracked 
|  50|0x0000000083200000, 0x0000000083300000, 0x0000000083300000|100%| O|  |TAMS 0x0000000083300000, 0x0000000083200000| Untracked 
|  51|0x0000000083300000, 0x0000000083400000, 0x0000000083400000|100%| O|  |TAMS 0x0000000083400000, 0x0000000083300000| Untracked 
|  52|0x0000000083400000, 0x0000000083500000, 0x0000000083500000|100%| O|  |TAMS 0x0000000083400000, 0x0000000083400000| Untracked 
|  53|0x0000000083500000, 0x0000000083600000, 0x0000000083600000|100%| O|  |TAMS 0x0000000083600000, 0x0000000083500000| Untracked 
|  54|0x0000000083600000, 0x0000000083700000, 0x0000000083700000|100%| O|  |TAMS 0x0000000083700000, 0x0000000083600000| Untracked 
|  55|0x0000000083700000, 0x0000000083700000, 0x0000000083800000|  0%| F|  |TAMS 0x0000000083700000, 0x0000000083700000| Untracked 
|  56|0x0000000083800000, 0x0000000083800000, 0x0000000083900000|  0%| F|  |TAMS 0x0000000083800000, 0x0000000083800000| Untracked 
|  57|0x0000000083900000, 0x0000000083a00000, 0x0000000083a00000|100%| O|  |TAMS 0x0000000083a00000, 0x0000000083900000| Untracked 
|  58|0x0000000083a00000, 0x0000000083b00000, 0x0000000083b00000|100%| O|  |TAMS 0x0000000083b00000, 0x0000000083a00000| Untracked 
|  59|0x0000000083b00000, 0x0000000083c00000, 0x0000000083c00000|100%| O|  |TAMS 0x0000000083c00000, 0x0000000083b00000| Untracked 
|  60|0x0000000083c00000, 0x0000000083d00000, 0x0000000083d00000|100%| O|  |TAMS 0x0000000083d00000, 0x0000000083c00000| Untracked 
|  61|0x0000000083d00000, 0x0000000083e00000, 0x0000000083e00000|100%| O|  |TAMS 0x0000000083e00000, 0x0000000083d00000| Untracked 
|  62|0x0000000083e00000, 0x0000000083f00000, 0x0000000083f00000|100%| O|  |TAMS 0x0000000083f00000, 0x0000000083e00000| Untracked 
|  63|0x0000000083f00000, 0x0000000084000000, 0x0000000084000000|100%| O|  |TAMS 0x0000000084000000, 0x0000000083f00000| Untracked 
|  64|0x0000000084000000, 0x0000000084100000, 0x0000000084100000|100%| O|  |TAMS 0x0000000084100000, 0x0000000084000000| Untracked 
|  65|0x0000000084100000, 0x0000000084200000, 0x0000000084200000|100%| O|  |TAMS 0x0000000084200000, 0x0000000084100000| Untracked 
|  66|0x0000000084200000, 0x0000000084300000, 0x0000000084300000|100%| O|  |TAMS 0x0000000084300000, 0x0000000084200000| Untracked 
|  67|0x0000000084300000, 0x0000000084400000, 0x0000000084400000|100%| O|  |TAMS 0x0000000084400000, 0x0000000084300000| Untracked 
|  68|0x0000000084400000, 0x0000000084500000, 0x0000000084500000|100%| O|  |TAMS 0x0000000084400000, 0x0000000084400000| Untracked 
|  69|0x0000000084500000, 0x0000000084600000, 0x0000000084600000|100%| O|  |TAMS 0x0000000084600000, 0x0000000084500000| Untracked 
|  70|0x0000000084600000, 0x0000000084700000, 0x0000000084700000|100%| O|  |TAMS 0x0000000084700000, 0x0000000084600000| Untracked 
|  71|0x0000000084700000, 0x0000000084800000, 0x0000000084800000|100%| O|  |TAMS 0x0000000084800000, 0x0000000084700000| Untracked 
|  72|0x0000000084800000, 0x0000000084900000, 0x0000000084900000|100%| O|  |TAMS 0x0000000084900000, 0x0000000084800000| Untracked 
|  73|0x0000000084900000, 0x0000000084a00000, 0x0000000084a00000|100%| O|  |TAMS 0x0000000084a00000, 0x0000000084900000| Untracked 
|  74|0x0000000084a00000, 0x0000000084b00000, 0x0000000084b00000|100%| O|  |TAMS 0x0000000084b00000, 0x0000000084a00000| Untracked 
|  75|0x0000000084b00000, 0x0000000084c00000, 0x0000000084c00000|100%| O|  |TAMS 0x0000000084c00000, 0x0000000084b00000| Untracked 
|  76|0x0000000084c00000, 0x0000000084d00000, 0x0000000084d00000|100%| O|  |TAMS 0x0000000084d00000, 0x0000000084c00000| Untracked 
|  77|0x0000000084d00000, 0x0000000084e00000, 0x0000000084e00000|100%| O|  |TAMS 0x0000000084e00000, 0x0000000084d00000| Untracked 
|  78|0x0000000084e00000, 0x0000000084f00000, 0x0000000084f00000|100%| O|  |TAMS 0x0000000084f00000, 0x0000000084e00000| Untracked 
|  79|0x0000000084f00000, 0x0000000085000000, 0x0000000085000000|100%| O|  |TAMS 0x0000000085000000, 0x0000000084f00000| Untracked 
|  80|0x0000000085000000, 0x0000000085100000, 0x0000000085100000|100%| O|  |TAMS 0x0000000085100000, 0x0000000085000000| Untracked 
|  81|0x0000000085100000, 0x0000000085200000, 0x0000000085200000|100%| O|  |TAMS 0x0000000085100000, 0x0000000085100000| Untracked 
|  82|0x0000000085200000, 0x0000000085300000, 0x0000000085300000|100%| O|  |TAMS 0x0000000085200000, 0x0000000085200000| Untracked 
|  83|0x0000000085300000, 0x0000000085400000, 0x0000000085400000|100%| O|  |TAMS 0x0000000085400000, 0x0000000085300000| Untracked 
|  84|0x0000000085400000, 0x0000000085500000, 0x0000000085500000|100%| O|  |TAMS 0x0000000085500000, 0x0000000085400000| Untracked 
|  85|0x0000000085500000, 0x0000000085600000, 0x0000000085600000|100%| O|  |TAMS 0x0000000085600000, 0x0000000085500000| Untracked 
|  86|0x0000000085600000, 0x0000000085700000, 0x0000000085700000|100%| O|  |TAMS 0x0000000085700000, 0x0000000085600000| Untracked 
|  87|0x0000000085700000, 0x0000000085800000, 0x0000000085800000|100%| O|  |TAMS 0x0000000085800000, 0x0000000085700000| Untracked 
|  88|0x0000000085800000, 0x0000000085900000, 0x0000000085900000|100%| O|  |TAMS 0x0000000085900000, 0x0000000085800000| Untracked 
|  89|0x0000000085900000, 0x0000000085a00000, 0x0000000085a00000|100%| O|  |TAMS 0x0000000085a00000, 0x0000000085900000| Untracked 
|  90|0x0000000085a00000, 0x0000000085b00000, 0x0000000085b00000|100%| O|  |TAMS 0x0000000085a00000, 0x0000000085a00000| Untracked 
|  91|0x0000000085b00000, 0x0000000085c00000, 0x0000000085c00000|100%| O|  |TAMS 0x0000000085b00000, 0x0000000085b00000| Untracked 
|  92|0x0000000085c00000, 0x0000000085c00000, 0x0000000085d00000|  0%| F|  |TAMS 0x0000000085c00000, 0x0000000085c00000| Untracked 
|  93|0x0000000085d00000, 0x0000000085e00000, 0x0000000085e00000|100%| O|  |TAMS 0x0000000085e00000, 0x0000000085d00000| Untracked 
|  94|0x0000000085e00000, 0x0000000085f00000, 0x0000000085f00000|100%| O|  |TAMS 0x0000000085ef1a00, 0x0000000085e00000| Untracked 
|  95|0x0000000085f00000, 0x0000000086000000, 0x0000000086000000|100%| O|  |TAMS 0x0000000086000000, 0x0000000085f00000| Untracked 
|  96|0x0000000086000000, 0x0000000086000000, 0x0000000086100000|  0%| F|  |TAMS 0x0000000086000000, 0x0000000086000000| Untracked 
|  97|0x0000000086100000, 0x0000000086100000, 0x0000000086200000|  0%| F|  |TAMS 0x0000000086100000, 0x0000000086100000| Untracked 
|  98|0x0000000086200000, 0x0000000086300000, 0x0000000086300000|100%| O|  |TAMS 0x0000000086300000, 0x0000000086200000| Untracked 
|  99|0x0000000086300000, 0x0000000086400000, 0x0000000086400000|100%| O|  |TAMS 0x0000000086400000, 0x0000000086300000| Untracked 
| 100|0x0000000086400000, 0x0000000086500000, 0x0000000086500000|100%| O|  |TAMS 0x0000000086500000, 0x0000000086400000| Untracked 
| 101|0x0000000086500000, 0x0000000086600000, 0x0000000086600000|100%| O|  |TAMS 0x0000000086600000, 0x0000000086500000| Untracked 
| 102|0x0000000086600000, 0x0000000086700000, 0x0000000086700000|100%| O|  |TAMS 0x0000000086700000, 0x0000000086600000| Untracked 
| 103|0x0000000086700000, 0x0000000086800000, 0x0000000086800000|100%| O|  |TAMS 0x0000000086800000, 0x0000000086700000| Untracked 
| 104|0x0000000086800000, 0x0000000086900000, 0x0000000086900000|100%| O|  |TAMS 0x0000000086900000, 0x0000000086800000| Untracked 
| 105|0x0000000086900000, 0x0000000086900000, 0x0000000086a00000|  0%| F|  |TAMS 0x0000000086900000, 0x0000000086900000| Untracked 
| 106|0x0000000086a00000, 0x0000000086b00000, 0x0000000086b00000|100%| O|  |TAMS 0x0000000086b00000, 0x0000000086a00000| Untracked 
| 107|0x0000000086b00000, 0x0000000086c00000, 0x0000000086c00000|100%| O|  |TAMS 0x0000000086b00000, 0x0000000086b00000| Untracked 
| 108|0x0000000086c00000, 0x0000000086d00000, 0x0000000086d00000|100%| O|  |TAMS 0x0000000086d00000, 0x0000000086c00000| Untracked 
| 109|0x0000000086d00000, 0x0000000086e00000, 0x0000000086e00000|100%| O|  |TAMS 0x0000000086e00000, 0x0000000086d00000| Untracked 
| 110|0x0000000086e00000, 0x0000000086f00000, 0x0000000086f00000|100%| O|  |TAMS 0x0000000086f00000, 0x0000000086e00000| Untracked 
| 111|0x0000000086f00000, 0x0000000087000000, 0x0000000087000000|100%| O|  |TAMS 0x0000000086f00000, 0x0000000086f00000| Untracked 
| 112|0x0000000087000000, 0x0000000087000000, 0x0000000087100000|  0%| F|  |TAMS 0x0000000087000000, 0x0000000087000000| Untracked 
| 113|0x0000000087100000, 0x0000000087200000, 0x0000000087200000|100%| O|  |TAMS 0x0000000087100000, 0x0000000087100000| Untracked 
| 114|0x0000000087200000, 0x0000000087300000, 0x0000000087300000|100%| O|  |TAMS 0x0000000087200000, 0x0000000087200000| Untracked 
| 115|0x0000000087300000, 0x0000000087300000, 0x0000000087400000|  0%| F|  |TAMS 0x0000000087300000, 0x0000000087300000| Untracked 
| 116|0x0000000087400000, 0x0000000087500000, 0x0000000087500000|100%| O|  |TAMS 0x0000000087400000, 0x0000000087400000| Untracked 
| 117|0x0000000087500000, 0x000000008752a400, 0x0000000087600000| 16%| O|  |TAMS 0x0000000087500000, 0x0000000087500000| Untracked 
| 118|0x0000000087600000, 0x0000000087600000, 0x0000000087700000|  0%| F|  |TAMS 0x0000000087600000, 0x0000000087600000| Untracked 
| 119|0x0000000087700000, 0x0000000087800000, 0x0000000087800000|100%| O|  |TAMS 0x0000000087800000, 0x0000000087700000| Untracked 
| 120|0x0000000087800000, 0x0000000087800000, 0x0000000087900000|  0%| F|  |TAMS 0x0000000087800000, 0x0000000087800000| Untracked 
| 121|0x0000000087900000, 0x0000000087a00000, 0x0000000087a00000|100%| O|  |TAMS 0x0000000087a00000, 0x0000000087900000| Untracked 
| 122|0x0000000087a00000, 0x0000000087a00000, 0x0000000087b00000|  0%| F|  |TAMS 0x0000000087a00000, 0x0000000087a00000| Untracked 
| 123|0x0000000087b00000, 0x0000000087b00000, 0x0000000087c00000|  0%| F|  |TAMS 0x0000000087b00000, 0x0000000087b00000| Untracked 
| 124|0x0000000087c00000, 0x0000000087c00000, 0x0000000087d00000|  0%| F|  |TAMS 0x0000000087c00000, 0x0000000087c00000| Untracked 
| 125|0x0000000087d00000, 0x0000000087d00000, 0x0000000087e00000|  0%| F|  |TAMS 0x0000000087d00000, 0x0000000087d00000| Untracked 
| 126|0x0000000087e00000, 0x0000000087e00000, 0x0000000087f00000|  0%| F|  |TAMS 0x0000000087e00000, 0x0000000087e00000| Untracked 
| 127|0x0000000087f00000, 0x0000000087f00000, 0x0000000088000000|  0%| F|  |TAMS 0x0000000087f00000, 0x0000000087f00000| Untracked 
| 128|0x0000000088000000, 0x0000000088000000, 0x0000000088100000|  0%| F|  |TAMS 0x0000000088000000, 0x0000000088000000| Untracked 
| 129|0x0000000088100000, 0x0000000088200000, 0x0000000088200000|100%| O|  |TAMS 0x0000000088200000, 0x0000000088100000| Untracked 
| 130|0x0000000088200000, 0x0000000088300000, 0x0000000088300000|100%| O|  |TAMS 0x0000000088300000, 0x0000000088200000| Untracked 
| 131|0x0000000088300000, 0x0000000088300000, 0x0000000088400000|  0%| F|  |TAMS 0x0000000088300000, 0x0000000088300000| Untracked 
| 132|0x0000000088400000, 0x0000000088400000, 0x0000000088500000|  0%| F|  |TAMS 0x0000000088400000, 0x0000000088400000| Untracked 
| 133|0x0000000088500000, 0x0000000088500000, 0x0000000088600000|  0%| F|  |TAMS 0x0000000088500000, 0x0000000088500000| Untracked 
| 134|0x0000000088600000, 0x0000000088600000, 0x0000000088700000|  0%| F|  |TAMS 0x0000000088600000, 0x0000000088600000| Untracked 
| 135|0x0000000088700000, 0x0000000088800000, 0x0000000088800000|100%| O|  |TAMS 0x0000000088800000, 0x0000000088700000| Untracked 
| 136|0x0000000088800000, 0x0000000088800000, 0x0000000088900000|  0%| F|  |TAMS 0x0000000088800000, 0x0000000088800000| Untracked 
| 137|0x0000000088900000, 0x0000000088900000, 0x0000000088a00000|  0%| F|  |TAMS 0x0000000088900000, 0x0000000088900000| Untracked 
| 138|0x0000000088a00000, 0x0000000088a00000, 0x0000000088b00000|  0%| F|  |TAMS 0x0000000088a00000, 0x0000000088a00000| Untracked 
| 139|0x0000000088b00000, 0x0000000088b00000, 0x0000000088c00000|  0%| F|  |TAMS 0x0000000088b00000, 0x0000000088b00000| Untracked 
| 140|0x0000000088c00000, 0x0000000088c00000, 0x0000000088d00000|  0%| F|  |TAMS 0x0000000088c00000, 0x0000000088c00000| Untracked 
| 141|0x0000000088d00000, 0x0000000088d00000, 0x0000000088e00000|  0%| F|  |TAMS 0x0000000088d00000, 0x0000000088d00000| Untracked 
| 142|0x0000000088e00000, 0x0000000088e00000, 0x0000000088f00000|  0%| F|  |TAMS 0x0000000088e00000, 0x0000000088e00000| Untracked 
| 143|0x0000000088f00000, 0x0000000088f00000, 0x0000000089000000|  0%| F|  |TAMS 0x0000000088f00000, 0x0000000088f00000| Untracked 
| 144|0x0000000089000000, 0x0000000089000000, 0x0000000089100000|  0%| F|  |TAMS 0x0000000089000000, 0x0000000089000000| Untracked 
| 145|0x0000000089100000, 0x0000000089100000, 0x0000000089200000|  0%| F|  |TAMS 0x0000000089100000, 0x0000000089100000| Untracked 
| 146|0x0000000089200000, 0x0000000089200000, 0x0000000089300000|  0%| F|  |TAMS 0x0000000089200000, 0x0000000089200000| Untracked 
| 147|0x0000000089300000, 0x0000000089300000, 0x0000000089400000|  0%| F|  |TAMS 0x0000000089300000, 0x0000000089300000| Untracked 
| 148|0x0000000089400000, 0x0000000089400000, 0x0000000089500000|  0%| F|  |TAMS 0x0000000089400000, 0x0000000089400000| Untracked 
| 149|0x0000000089500000, 0x0000000089500000, 0x0000000089600000|  0%| F|  |TAMS 0x0000000089500000, 0x0000000089500000| Untracked 
| 150|0x0000000089600000, 0x0000000089600000, 0x0000000089700000|  0%| F|  |TAMS 0x0000000089600000, 0x0000000089600000| Untracked 
| 151|0x0000000089700000, 0x0000000089700000, 0x0000000089800000|  0%| F|  |TAMS 0x0000000089700000, 0x0000000089700000| Untracked 
| 152|0x0000000089800000, 0x0000000089800000, 0x0000000089900000|  0%| F|  |TAMS 0x0000000089800000, 0x0000000089800000| Untracked 
| 153|0x0000000089900000, 0x0000000089900000, 0x0000000089a00000|  0%| F|  |TAMS 0x0000000089900000, 0x0000000089900000| Untracked 
| 154|0x0000000089a00000, 0x0000000089a00000, 0x0000000089b00000|  0%| F|  |TAMS 0x0000000089a00000, 0x0000000089a00000| Untracked 
| 155|0x0000000089b00000, 0x0000000089b00000, 0x0000000089c00000|  0%| F|  |TAMS 0x0000000089b00000, 0x0000000089b00000| Untracked 
| 156|0x0000000089c00000, 0x0000000089c00000, 0x0000000089d00000|  0%| F|  |TAMS 0x0000000089c00000, 0x0000000089c00000| Untracked 
| 157|0x0000000089d00000, 0x0000000089d00000, 0x0000000089e00000|  0%| F|  |TAMS 0x0000000089d00000, 0x0000000089d00000| Untracked 
| 158|0x0000000089e00000, 0x0000000089e00000, 0x0000000089f00000|  0%| F|  |TAMS 0x0000000089e00000, 0x0000000089e00000| Untracked 
| 159|0x0000000089f00000, 0x0000000089f00000, 0x000000008a000000|  0%| F|  |TAMS 0x0000000089f00000, 0x0000000089f00000| Untracked 
| 160|0x000000008a000000, 0x000000008a000000, 0x000000008a100000|  0%| F|  |TAMS 0x000000008a000000, 0x000000008a000000| Untracked 
| 161|0x000000008a100000, 0x000000008a100000, 0x000000008a200000|  0%| F|  |TAMS 0x000000008a100000, 0x000000008a100000| Untracked 
| 162|0x000000008a200000, 0x000000008a200000, 0x000000008a300000|  0%| F|  |TAMS 0x000000008a200000, 0x000000008a200000| Untracked 
| 163|0x000000008a300000, 0x000000008a300000, 0x000000008a400000|  0%| F|  |TAMS 0x000000008a300000, 0x000000008a300000| Untracked 
| 164|0x000000008a400000, 0x000000008a400000, 0x000000008a500000|  0%| F|  |TAMS 0x000000008a400000, 0x000000008a400000| Untracked 
| 165|0x000000008a500000, 0x000000008a500000, 0x000000008a600000|  0%| F|  |TAMS 0x000000008a500000, 0x000000008a500000| Untracked 
| 166|0x000000008a600000, 0x000000008a600000, 0x000000008a700000|  0%| F|  |TAMS 0x000000008a600000, 0x000000008a600000| Untracked 
| 167|0x000000008a700000, 0x000000008a700000, 0x000000008a800000|  0%| F|  |TAMS 0x000000008a700000, 0x000000008a700000| Untracked 
| 168|0x000000008a800000, 0x000000008a800000, 0x000000008a900000|  0%| F|  |TAMS 0x000000008a800000, 0x000000008a800000| Untracked 
| 169|0x000000008a900000, 0x000000008a900000, 0x000000008aa00000|  0%| F|  |TAMS 0x000000008a900000, 0x000000008a900000| Untracked 
| 170|0x000000008aa00000, 0x000000008aa00000, 0x000000008ab00000|  0%| F|  |TAMS 0x000000008aa00000, 0x000000008aa00000| Untracked 
| 171|0x000000008ab00000, 0x000000008ab00000, 0x000000008ac00000|  0%| F|  |TAMS 0x000000008ab00000, 0x000000008ab00000| Untracked 
| 172|0x000000008ac00000, 0x000000008ac00000, 0x000000008ad00000|  0%| F|  |TAMS 0x000000008ac00000, 0x000000008ac00000| Untracked 
| 173|0x000000008ad00000, 0x000000008ad00000, 0x000000008ae00000|  0%| F|  |TAMS 0x000000008ad00000, 0x000000008ad00000| Untracked 
| 174|0x000000008ae00000, 0x000000008ae00000, 0x000000008af00000|  0%| F|  |TAMS 0x000000008ae00000, 0x000000008ae00000| Untracked 
| 175|0x000000008af00000, 0x000000008af00000, 0x000000008b000000|  0%| F|  |TAMS 0x000000008af00000, 0x000000008af00000| Untracked 
| 176|0x000000008b000000, 0x000000008b000000, 0x000000008b100000|  0%| F|  |TAMS 0x000000008b000000, 0x000000008b000000| Untracked 
| 177|0x000000008b100000, 0x000000008b100000, 0x000000008b200000|  0%| F|  |TAMS 0x000000008b100000, 0x000000008b100000| Untracked 
| 178|0x000000008b200000, 0x000000008b200000, 0x000000008b300000|  0%| F|  |TAMS 0x000000008b200000, 0x000000008b200000| Untracked 
| 179|0x000000008b300000, 0x000000008b300000, 0x000000008b400000|  0%| F|  |TAMS 0x000000008b300000, 0x000000008b300000| Untracked 
| 180|0x000000008b400000, 0x000000008b400000, 0x000000008b500000|  0%| F|  |TAMS 0x000000008b400000, 0x000000008b400000| Untracked 
| 181|0x000000008b500000, 0x000000008b500000, 0x000000008b600000|  0%| F|  |TAMS 0x000000008b500000, 0x000000008b500000| Untracked 
| 182|0x000000008b600000, 0x000000008b600000, 0x000000008b700000|  0%| F|  |TAMS 0x000000008b600000, 0x000000008b600000| Untracked 
| 183|0x000000008b700000, 0x000000008b700000, 0x000000008b800000|  0%| F|  |TAMS 0x000000008b700000, 0x000000008b700000| Untracked 
| 184|0x000000008b800000, 0x000000008b800000, 0x000000008b900000|  0%| F|  |TAMS 0x000000008b800000, 0x000000008b800000| Untracked 
| 185|0x000000008b900000, 0x000000008b900000, 0x000000008ba00000|  0%| F|  |TAMS 0x000000008b900000, 0x000000008b900000| Untracked 
| 186|0x000000008ba00000, 0x000000008ba00000, 0x000000008bb00000|  0%| F|  |TAMS 0x000000008ba00000, 0x000000008ba00000| Untracked 
| 187|0x000000008bb00000, 0x000000008bb00000, 0x000000008bc00000|  0%| F|  |TAMS 0x000000008bb00000, 0x000000008bb00000| Untracked 
| 188|0x000000008bc00000, 0x000000008bc00000, 0x000000008bd00000|  0%| F|  |TAMS 0x000000008bc00000, 0x000000008bc00000| Untracked 
| 189|0x000000008bd00000, 0x000000008bd00000, 0x000000008be00000|  0%| F|  |TAMS 0x000000008bd00000, 0x000000008bd00000| Untracked 
| 190|0x000000008be00000, 0x000000008be00000, 0x000000008bf00000|  0%| F|  |TAMS 0x000000008be00000, 0x000000008be00000| Untracked 
| 191|0x000000008bf00000, 0x000000008bf00000, 0x000000008c000000|  0%| F|  |TAMS 0x000000008bf00000, 0x000000008bf00000| Untracked 
| 192|0x000000008c000000, 0x000000008c000000, 0x000000008c100000|  0%| F|  |TAMS 0x000000008c000000, 0x000000008c000000| Untracked 
| 193|0x000000008c100000, 0x000000008c100000, 0x000000008c200000|  0%| F|  |TAMS 0x000000008c100000, 0x000000008c100000| Untracked 
| 194|0x000000008c200000, 0x000000008c200000, 0x000000008c300000|  0%| F|  |TAMS 0x000000008c200000, 0x000000008c200000| Untracked 
| 195|0x000000008c300000, 0x000000008c300000, 0x000000008c400000|  0%| F|  |TAMS 0x000000008c300000, 0x000000008c300000| Untracked 
| 196|0x000000008c400000, 0x000000008c400000, 0x000000008c500000|  0%| F|  |TAMS 0x000000008c400000, 0x000000008c400000| Untracked 
| 197|0x000000008c500000, 0x000000008c500000, 0x000000008c600000|  0%| F|  |TAMS 0x000000008c500000, 0x000000008c500000| Untracked 
| 198|0x000000008c600000, 0x000000008c61d120, 0x000000008c700000| 11%| E|  |TAMS 0x000000008c600000, 0x000000008c600000| Complete 
| 199|0x000000008c700000, 0x000000008c800000, 0x000000008c800000|100%| E|CS|TAMS 0x000000008c700000, 0x000000008c700000| Complete 
| 200|0x000000008c800000, 0x000000008c900000, 0x000000008c900000|100%| E|CS|TAMS 0x000000008c800000, 0x000000008c800000| Complete 
| 201|0x000000008c900000, 0x000000008ca00000, 0x000000008ca00000|100%| E|  |TAMS 0x000000008c900000, 0x000000008c900000| Complete 
| 202|0x000000008ca00000, 0x000000008cb00000, 0x000000008cb00000|100%| E|CS|TAMS 0x000000008ca00000, 0x000000008ca00000| Complete 
| 203|0x000000008cb00000, 0x000000008cc00000, 0x000000008cc00000|100%| E|CS|TAMS 0x000000008cb00000, 0x000000008cb00000| Complete 
| 204|0x000000008cc00000, 0x000000008cd00000, 0x000000008cd00000|100%| E|CS|TAMS 0x000000008cc00000, 0x000000008cc00000| Complete 
| 205|0x000000008cd00000, 0x000000008ce00000, 0x000000008ce00000|100%| E|CS|TAMS 0x000000008cd00000, 0x000000008cd00000| Complete 
| 206|0x000000008ce00000, 0x000000008cf00000, 0x000000008cf00000|100%| E|CS|TAMS 0x000000008ce00000, 0x000000008ce00000| Complete 
| 207|0x000000008cf00000, 0x000000008d000000, 0x000000008d000000|100%| E|CS|TAMS 0x000000008cf00000, 0x000000008cf00000| Complete 
| 208|0x000000008d000000, 0x000000008d100000, 0x000000008d100000|100%| E|CS|TAMS 0x000000008d000000, 0x000000008d000000| Complete 
| 209|0x000000008d100000, 0x000000008d200000, 0x000000008d200000|100%| E|CS|TAMS 0x000000008d100000, 0x000000008d100000| Complete 
| 210|0x000000008d200000, 0x000000008d300000, 0x000000008d300000|100%| E|CS|TAMS 0x000000008d200000, 0x000000008d200000| Complete 
| 211|0x000000008d300000, 0x000000008d400000, 0x000000008d400000|100%| E|CS|TAMS 0x000000008d300000, 0x000000008d300000| Complete 
| 212|0x000000008d400000, 0x000000008d500000, 0x000000008d500000|100%| E|CS|TAMS 0x000000008d400000, 0x000000008d400000| Complete 
| 213|0x000000008d500000, 0x000000008d600000, 0x000000008d600000|100%| E|CS|TAMS 0x000000008d500000, 0x000000008d500000| Complete 
| 214|0x000000008d600000, 0x000000008d700000, 0x000000008d700000|100%| E|CS|TAMS 0x000000008d600000, 0x000000008d600000| Complete 
| 215|0x000000008d700000, 0x000000008d800000, 0x000000008d800000|100%| E|CS|TAMS 0x000000008d700000, 0x000000008d700000| Complete 
| 216|0x000000008d800000, 0x000000008d900000, 0x000000008d900000|100%| E|CS|TAMS 0x000000008d800000, 0x000000008d800000| Complete 
| 217|0x000000008d900000, 0x000000008da00000, 0x000000008da00000|100%| E|CS|TAMS 0x000000008d900000, 0x000000008d900000| Complete 
| 218|0x000000008da00000, 0x000000008db00000, 0x000000008db00000|100%| E|CS|TAMS 0x000000008da00000, 0x000000008da00000| Complete 
| 219|0x000000008db00000, 0x000000008dc00000, 0x000000008dc00000|100%| E|CS|TAMS 0x000000008db00000, 0x000000008db00000| Complete 
| 220|0x000000008dc00000, 0x000000008dd00000, 0x000000008dd00000|100%| E|CS|TAMS 0x000000008dc00000, 0x000000008dc00000| Complete 
| 221|0x000000008dd00000, 0x000000008de00000, 0x000000008de00000|100%| E|CS|TAMS 0x000000008dd00000, 0x000000008dd00000| Complete 
| 222|0x000000008de00000, 0x000000008df00000, 0x000000008df00000|100%| E|CS|TAMS 0x000000008de00000, 0x000000008de00000| Complete 
| 223|0x000000008df00000, 0x000000008e000000, 0x000000008e000000|100%| E|CS|TAMS 0x000000008df00000, 0x000000008df00000| Complete 
| 224|0x000000008e000000, 0x000000008e100000, 0x000000008e100000|100%| E|CS|TAMS 0x000000008e000000, 0x000000008e000000| Complete 
| 225|0x000000008e100000, 0x000000008e200000, 0x000000008e200000|100%| E|CS|TAMS 0x000000008e100000, 0x000000008e100000| Complete 
| 226|0x000000008e200000, 0x000000008e300000, 0x000000008e300000|100%| E|CS|TAMS 0x000000008e200000, 0x000000008e200000| Complete 
| 227|0x000000008e300000, 0x000000008e400000, 0x000000008e400000|100%| E|CS|TAMS 0x000000008e300000, 0x000000008e300000| Complete 
| 228|0x000000008e400000, 0x000000008e500000, 0x000000008e500000|100%| E|CS|TAMS 0x000000008e400000, 0x000000008e400000| Complete 
| 229|0x000000008e500000, 0x000000008e600000, 0x000000008e600000|100%| E|CS|TAMS 0x000000008e500000, 0x000000008e500000| Complete 
| 230|0x000000008e600000, 0x000000008e700000, 0x000000008e700000|100%| E|CS|TAMS 0x000000008e600000, 0x000000008e600000| Complete 
| 231|0x000000008e700000, 0x000000008e800000, 0x000000008e800000|100%| E|CS|TAMS 0x000000008e700000, 0x000000008e700000| Complete 
| 232|0x000000008e800000, 0x000000008e900000, 0x000000008e900000|100%| E|CS|TAMS 0x000000008e800000, 0x000000008e800000| Complete 
| 233|0x000000008e900000, 0x000000008ea00000, 0x000000008ea00000|100%| E|CS|TAMS 0x000000008e900000, 0x000000008e900000| Complete 
| 234|0x000000008ea00000, 0x000000008eafff70, 0x000000008eb00000| 99%| S|CS|TAMS 0x000000008ea00000, 0x000000008ea00000| Complete 
| 235|0x000000008eb00000, 0x000000008ec00000, 0x000000008ec00000|100%| E|CS|TAMS 0x000000008eb00000, 0x000000008eb00000| Complete 
| 236|0x000000008ec00000, 0x000000008ed00000, 0x000000008ed00000|100%| E|CS|TAMS 0x000000008ec00000, 0x000000008ec00000| Complete 
| 237|0x000000008ed00000, 0x000000008ee00000, 0x000000008ee00000|100%| E|CS|TAMS 0x000000008ed00000, 0x000000008ed00000| Complete 
| 238|0x000000008ee00000, 0x000000008ef00000, 0x000000008ef00000|100%| E|CS|TAMS 0x000000008ee00000, 0x000000008ee00000| Complete 
| 239|0x000000008ef00000, 0x000000008f000000, 0x000000008f000000|100%| E|CS|TAMS 0x000000008ef00000, 0x000000008ef00000| Complete 
| 240|0x000000008f000000, 0x000000008f100000, 0x000000008f100000|100%| E|CS|TAMS 0x000000008f000000, 0x000000008f000000| Complete 
| 241|0x000000008f100000, 0x000000008f200000, 0x000000008f200000|100%| E|CS|TAMS 0x000000008f100000, 0x000000008f100000| Complete 
| 242|0x000000008f200000, 0x000000008f300000, 0x000000008f300000|100%| E|CS|TAMS 0x000000008f200000, 0x000000008f200000| Complete 

Card table byte_map: [0x0000022b50ae0000,0x0000022b50ee0000] _byte_map_base: 0x0000022b506e0000

Marking Bits (Prev, Next): (CMBitMap*) 0x0000022b3d8c28b8, (CMBitMap*) 0x0000022b3d8c28f0
 Prev Bits: [0x0000022b512e0000, 0x0000022b532e0000)
 Next Bits: [0x0000022b532e0000, 0x0000022b552e0000)

Polling page: 0x0000022b3b850000

Metaspace:

Usage:
  Non-class:    112.80 MB capacity,   109.91 MB ( 97%) used,     2.37 MB (  2%) free+waste,   535.38 KB ( <1%) overhead. 
      Class:     17.72 MB capacity,    16.06 MB ( 91%) used,     1.42 MB (  8%) free+waste,   240.81 KB (  1%) overhead. 
       Both:    130.52 MB capacity,   125.97 MB ( 97%) used,     3.79 MB (  3%) free+waste,   776.19 KB ( <1%) overhead. 

Virtual space:
  Non-class space:      114.00 MB reserved,     112.88 MB (>99%) committed 
      Class space:        1.00 GB reserved,      17.77 MB (  2%) committed 
             Both:        1.11 GB reserved,     130.65 MB ( 11%) committed 

Chunk freelists:
   Non-Class:  20.00 KB
       Class:  31.00 KB
        Both:  51.00 KB

MaxMetaspaceSize: 17179869184.00 GB
CompressedClassSpaceSize: 1.00 GB
Initial GC threshold: 20.80 MB
Current GC threshold: 217.34 MB
CDS: off

CodeHeap 'non-profiled nmethods': size=120000Kb used=13873Kb max_used=13873Kb free=106126Kb
 bounds [0x0000022b48e70000, 0x0000022b49c00000, 0x0000022b503a0000]
CodeHeap 'profiled nmethods': size=120000Kb used=48114Kb max_used=48440Kb free=71885Kb
 bounds [0x0000022b41940000, 0x0000022b448b0000, 0x0000022b48e70000]
CodeHeap 'non-nmethods': size=5760Kb used=2489Kb max_used=2568Kb free=3270Kb
 bounds [0x0000022b413a0000, 0x0000022b41630000, 0x0000022b41940000]
 total_blobs=24012 nmethods=22981 adapters=942
 compilation: enabled
              stopped_count=0, restarted_count=0
 full_count=0

Compilation events (20 events):
Event: 2739.152 Thread 0x0000022b5d833000 nmethod 25213 0x0000022b49beae90 code [0x0000022b49beb020, 0x0000022b49beb218]
Event: 2739.152 Thread 0x0000022b5d833000 25216       4       org.gradle.api.internal.artifacts.ivyservice.resolveengine.graph.builder.SelectorState::markResolved (6 bytes)
Event: 2739.152 Thread 0x0000022b5d833000 nmethod 25216 0x0000022b49beb310 code [0x0000022b49beb4a0, 0x0000022b49beb4f8]
Event: 2739.156 Thread 0x0000022b57d4b000 25219       3       java.time.format.DateTimeFormatterBuilder$NumberPrinterParser::<init> (31 bytes)
Event: 2739.157 Thread 0x0000022b57d4b000 nmethod 25219 0x0000022b41d5d790 code [0x0000022b41d5d940, 0x0000022b41d5db58]
Event: 2739.161 Thread 0x0000022b57d4b000 25220       1       com.android.build.gradle.internal.res.LinkApplicationAndroidResourcesTask$TaskWorkActionParameters_Decorated::getModelIdentityDisplayName (5 bytes)
Event: 2739.161 Thread 0x0000022b57d4b000 nmethod 25220 0x0000022b49beb610 code [0x0000022b49beb7c0, 0x0000022b49beb878]
Event: 2739.166 Thread 0x0000022b57d4b000 25221       3       org.gradle.internal.snapshot.impl.FileValueSnapshot::isolate (5 bytes)
Event: 2739.167 Thread 0x0000022b57d4b000 nmethod 25221 0x0000022b41fce190 code [0x0000022b41fce360, 0x0000022b41fce6c8]
Event: 2739.167 Thread 0x0000022b57d4b000 25222       3       org.gradle.internal.snapshot.impl.FileValueSnapshot::isolate (15 bytes)
Event: 2739.169 Thread 0x0000022b57d4b000 nmethod 25222 0x0000022b41fcdb90 code [0x0000022b41fcdd60, 0x0000022b41fce068]
Event: 2739.187 Thread 0x0000022b5d833000 25223   !   4       jdk.internal.reflect.GeneratedMethodAccessor35::invoke (66 bytes)
Event: 2739.190 Thread 0x0000022b5d833000 nmethod 25223 0x0000022b49beb910 code [0x0000022b49bebac0, 0x0000022b49bebc28]
Event: 2739.191 Thread 0x0000022b5d833000 25224       4       org.gradle.api.internal.file.AbstractFileCollection::getFiles (23 bytes)
Event: 2739.195 Thread 0x0000022b57d4b000 25226       3       kotlin.io.LinesSequence$iterator$1::hasNext (53 bytes)
Event: 2739.196 Thread 0x0000022b57d4b000 nmethod 25226 0x0000022b41fcd510 code [0x0000022b41fcd6e0, 0x0000022b41fcda28]
Event: 2739.196 Thread 0x0000022b57d4b000 25225       1       kotlin.io.LinesSequence::access$getReader$p (5 bytes)
Event: 2739.196 Thread 0x0000022b57d4b000 nmethod 25225 0x0000022b49bebe10 code [0x0000022b49bebfc0, 0x0000022b49bec058]
Event: 2739.198 Thread 0x0000022b5d833000 nmethod 25224 0x0000022b49bec110 code [0x0000022b49bec2c0, 0x0000022b49bec538]
Event: 2739.198 Thread 0x0000022b5d833000 25227       4       org.gradle.execution.plan.DefaultExecutionPlan::attemptToStart (68 bytes)

GC Heap History (20 events):
Event: 2280.188 GC heap before
{Heap before GC invocations=99 (full 0):
 garbage-first heap   total 248832K, used 136157K [0x0000000080000000, 0x0000000100000000)
  region size 1024K, 12 young (12288K), 3 survivors (3072K)
 Metaspace       used 128099K, capacity 132730K, committed 133020K, reserved 1165312K
  class space    used 16425K, capacity 18095K, committed 18200K, reserved 1048576K
}
Event: 2280.202 GC heap after
{Heap after GC invocations=100 (full 0):
 garbage-first heap   total 248832K, used 113704K [0x0000000080000000, 0x0000000100000000)
  region size 1024K, 2 young (2048K), 2 survivors (2048K)
 Metaspace       used 128099K, capacity 132730K, committed 133020K, reserved 1165312K
  class space    used 16425K, capacity 18095K, committed 18200K, reserved 1048576K
}
Event: 2281.067 GC heap before
{Heap before GC invocations=100 (full 0):
 garbage-first heap   total 248832K, used 164904K [0x0000000080000000, 0x0000000100000000)
  region size 1024K, 53 young (54272K), 2 survivors (2048K)
 Metaspace       used 128179K, capacity 132730K, committed 133020K, reserved 1165312K
  class space    used 16425K, capacity 18095K, committed 18200K, reserved 1048576K
}
Event: 2281.114 GC heap after
{Heap after GC invocations=101 (full 0):
 garbage-first heap   total 248832K, used 119176K [0x0000000080000000, 0x0000000100000000)
  region size 1024K, 7 young (7168K), 7 survivors (7168K)
 Metaspace       used 128179K, capacity 132730K, committed 133020K, reserved 1165312K
  class space    used 16425K, capacity 18095K, committed 18200K, reserved 1048576K
}
Event: 2337.287 GC heap before
{Heap before GC invocations=102 (full 0):
 garbage-first heap   total 248832K, used 172424K [0x0000000080000000, 0x0000000100000000)
  region size 1024K, 60 young (61440K), 7 survivors (7168K)
 Metaspace       used 128270K, capacity 132863K, committed 133020K, reserved 1165312K
  class space    used 16426K, capacity 18095K, committed 18200K, reserved 1048576K
}
Event: 2337.321 GC heap after
{Heap after GC invocations=103 (full 0):
 garbage-first heap   total 248832K, used 125668K [0x0000000080000000, 0x0000000100000000)
  region size 1024K, 7 young (7168K), 7 survivors (7168K)
 Metaspace       used 128270K, capacity 132863K, committed 133020K, reserved 1165312K
  class space    used 16426K, capacity 18095K, committed 18200K, reserved 1048576K
}
Event: 2337.372 GC heap before
{Heap before GC invocations=103 (full 0):
 garbage-first heap   total 248832K, used 130788K [0x0000000080000000, 0x0000000100000000)
  region size 1024K, 12 young (12288K), 7 survivors (7168K)
 Metaspace       used 128271K, capacity 132863K, committed 133020K, reserved 1165312K
  class space    used 16426K, capacity 18095K, committed 18200K, reserved 1048576K
}
Event: 2337.423 GC heap after
{Heap after GC invocations=104 (full 0):
 garbage-first heap   total 248832K, used 116290K [0x0000000080000000, 0x0000000100000000)
  region size 1024K, 2 young (2048K), 2 survivors (2048K)
 Metaspace       used 128271K, capacity 132863K, committed 133020K, reserved 1165312K
  class space    used 16426K, capacity 18095K, committed 18200K, reserved 1048576K
}
Event: 2441.011 GC heap before
{Heap before GC invocations=104 (full 0):
 garbage-first heap   total 248832K, used 172610K [0x0000000080000000, 0x0000000100000000)
  region size 1024K, 58 young (59392K), 2 survivors (2048K)
 Metaspace       used 128352K, capacity 132932K, committed 133276K, reserved 1165312K
  class space    used 16426K, capacity 18095K, committed 18200K, reserved 1048576K
}
Event: 2441.054 GC heap after
{Heap after GC invocations=105 (full 0):
 garbage-first heap   total 248832K, used 120979K [0x0000000080000000, 0x0000000100000000)
  region size 1024K, 6 young (6144K), 6 survivors (6144K)
 Metaspace       used 128352K, capacity 132932K, committed 133276K, reserved 1165312K
  class space    used 16426K, capacity 18095K, committed 18200K, reserved 1048576K
}
Event: 2489.609 GC heap before
{Heap before GC invocations=106 (full 0):
 garbage-first heap   total 248832K, used 187539K [0x0000000080000000, 0x0000000100000000)
  region size 1024K, 64 young (65536K), 6 survivors (6144K)
 Metaspace       used 128595K, capacity 133227K, committed 133532K, reserved 1165312K
  class space    used 16429K, capacity 18101K, committed 18200K, reserved 1048576K
}
Event: 2489.646 GC heap after
{Heap after GC invocations=107 (full 0):
 garbage-first heap   total 248832K, used 123049K [0x0000000080000000, 0x0000000100000000)
  region size 1024K, 5 young (5120K), 5 survivors (5120K)
 Metaspace       used 128595K, capacity 133227K, committed 133532K, reserved 1165312K
  class space    used 16429K, capacity 18101K, committed 18200K, reserved 1048576K
}
Event: 2651.230 GC heap before
{Heap before GC invocations=107 (full 0):
 garbage-first heap   total 248832K, used 129193K [0x0000000080000000, 0x0000000100000000)
  region size 1024K, 12 young (12288K), 5 survivors (5120K)
 Metaspace       used 128623K, capacity 133227K, committed 133532K, reserved 1165312K
  class space    used 16429K, capacity 18101K, committed 18200K, reserved 1048576K
}
Event: 2651.485 GC heap after
{Heap after GC invocations=108 (full 0):
 garbage-first heap   total 248832K, used 116989K [0x0000000080000000, 0x0000000100000000)
  region size 1024K, 2 young (2048K), 2 survivors (2048K)
 Metaspace       used 128623K, capacity 133227K, committed 133532K, reserved 1165312K
  class space    used 16429K, capacity 18101K, committed 18200K, reserved 1048576K
}
Event: 2666.962 GC heap before
{Heap before GC invocations=108 (full 0):
 garbage-first heap   total 248832K, used 180477K [0x0000000080000000, 0x0000000100000000)
  region size 1024K, 65 young (66560K), 2 survivors (2048K)
 Metaspace       used 128723K, capacity 133311K, committed 133532K, reserved 1165312K
  class space    used 16433K, capacity 18104K, committed 18200K, reserved 1048576K
}
Event: 2667.092 GC heap after
{Heap after GC invocations=109 (full 0):
 garbage-first heap   total 248832K, used 124635K [0x0000000080000000, 0x0000000100000000)
  region size 1024K, 9 young (9216K), 9 survivors (9216K)
 Metaspace       used 128723K, capacity 133311K, committed 133532K, reserved 1165312K
  class space    used 16433K, capacity 18104K, committed 18200K, reserved 1048576K
}
Event: 2737.746 GC heap before
{Heap before GC invocations=110 (full 0):
 garbage-first heap   total 248832K, used 215771K [0x0000000080000000, 0x0000000100000000)
  region size 1024K, 70 young (71680K), 9 survivors (9216K)
 Metaspace       used 128922K, capacity 133517K, committed 133788K, reserved 1165312K
  class space    used 16447K, capacity 18145K, committed 18200K, reserved 1048576K
}
Event: 2737.811 GC heap after
{Heap after GC invocations=111 (full 0):
 garbage-first heap   total 248832K, used 124853K [0x0000000080000000, 0x0000000100000000)
  region size 1024K, 4 young (4096K), 4 survivors (4096K)
 Metaspace       used 128922K, capacity 133517K, committed 133788K, reserved 1165312K
  class space    used 16447K, capacity 18145K, committed 18200K, reserved 1048576K
}
Event: 2737.994 GC heap before
{Heap before GC invocations=111 (full 0):
 garbage-first heap   total 248832K, used 132021K [0x0000000080000000, 0x0000000100000000)
  region size 1024K, 12 young (12288K), 4 survivors (4096K)
 Metaspace       used 128924K, capacity 133517K, committed 133788K, reserved 1165312K
  class space    used 16447K, capacity 18145K, committed 18200K, reserved 1048576K
}
Event: 2738.037 GC heap after
{Heap after GC invocations=112 (full 0):
 garbage-first heap   total 248832K, used 110760K [0x0000000080000000, 0x0000000100000000)
  region size 1024K, 1 young (1024K), 1 survivors (1024K)
 Metaspace       used 128924K, capacity 133517K, committed 133788K, reserved 1165312K
  class space    used 16447K, capacity 18145K, committed 18200K, reserved 1048576K
}

Deoptimization events (20 events):
Event: 2667.564 Thread 0x0000022b5b2b9800 DEOPT PACKING pc=0x0000022b43127dec sp=0x0000004ed3cfd790
Event: 2667.565 Thread 0x0000022b5b2b9800 DEOPT UNPACKING pc=0x0000022b413ea95e sp=0x0000004ed3cfcd60 mode 0
Event: 2667.605 Thread 0x0000022b5b2b9800 DEOPT PACKING pc=0x0000022b43122fc5 sp=0x0000004ed3cfd970
Event: 2667.605 Thread 0x0000022b5b2b9800 DEOPT UNPACKING pc=0x0000022b413ea95e sp=0x0000004ed3cfd038 mode 0
Event: 2669.356 Thread 0x0000022b5b2b9800 Uncommon trap: trap_request=0xffffffde fr.pc=0x0000022b4921b4e0 relative=0x0000000000000200
Event: 2669.356 Thread 0x0000022b5b2b9800 Uncommon trap: reason=class_check action=maybe_recompile pc=0x0000022b4921b4e0 method=com.google.common.collect.ImmutableMap.copyOf(Ljava/util/Map;)Lcom/google/common/collect/ImmutableMap; @ 49 c2
Event: 2669.356 Thread 0x0000022b5b2b9800 DEOPT PACKING pc=0x0000022b4921b4e0 sp=0x0000004ed3cfdf00
Event: 2669.356 Thread 0x0000022b5b2b9800 DEOPT UNPACKING pc=0x0000022b413ea1af sp=0x0000004ed3cfdeb8 mode 2
Event: 2669.356 Thread 0x0000022b5b2b9800 Uncommon trap: trap_request=0xffffffde fr.pc=0x0000022b4921b4e0 relative=0x0000000000000200
Event: 2669.356 Thread 0x0000022b5b2b9800 Uncommon trap: reason=class_check action=maybe_recompile pc=0x0000022b4921b4e0 method=com.google.common.collect.ImmutableMap.copyOf(Ljava/util/Map;)Lcom/google/common/collect/ImmutableMap; @ 49 c2
Event: 2669.356 Thread 0x0000022b5b2b9800 DEOPT PACKING pc=0x0000022b4921b4e0 sp=0x0000004ed3cfdf00
Event: 2669.356 Thread 0x0000022b5b2b9800 DEOPT UNPACKING pc=0x0000022b413ea1af sp=0x0000004ed3cfdeb8 mode 2
Event: 2669.357 Thread 0x0000022b5b2b9800 Uncommon trap: trap_request=0xffffffde fr.pc=0x0000022b4921b4e0 relative=0x0000000000000200
Event: 2669.357 Thread 0x0000022b5b2b9800 Uncommon trap: reason=class_check action=maybe_recompile pc=0x0000022b4921b4e0 method=com.google.common.collect.ImmutableMap.copyOf(Ljava/util/Map;)Lcom/google/common/collect/ImmutableMap; @ 49 c2
Event: 2669.357 Thread 0x0000022b5b2b9800 DEOPT PACKING pc=0x0000022b4921b4e0 sp=0x0000004ed3cfdf00
Event: 2669.357 Thread 0x0000022b5b2b9800 DEOPT UNPACKING pc=0x0000022b413ea1af sp=0x0000004ed3cfdeb8 mode 2
Event: 2738.067 Thread 0x0000022b661d0000 Uncommon trap: trap_request=0xffffffde fr.pc=0x0000022b4921b4e0 relative=0x0000000000000200
Event: 2738.067 Thread 0x0000022b661d0000 Uncommon trap: reason=class_check action=maybe_recompile pc=0x0000022b4921b4e0 method=com.google.common.collect.ImmutableMap.copyOf(Ljava/util/Map;)Lcom/google/common/collect/ImmutableMap; @ 49 c2
Event: 2738.067 Thread 0x0000022b661d0000 DEOPT PACKING pc=0x0000022b4921b4e0 sp=0x0000004ecc1f7dd0
Event: 2738.067 Thread 0x0000022b661d0000 DEOPT UNPACKING pc=0x0000022b413ea1af sp=0x0000004ecc1f7d88 mode 2

Classes redefined (0 events):
No events

Internal exceptions (20 events):
Event: 2669.377 Thread 0x0000022b5b2b9800 Exception <a 'sun/nio/fs/WindowsException'{0x000000008c782bd8}> (0x000000008c782bd8) thrown at [src/hotspot/share/prims/jni.cpp, line 617]
Event: 2669.377 Thread 0x0000022b5b2b9800 Exception <a 'sun/nio/fs/WindowsException'{0x000000008c782c60}> (0x000000008c782c60) thrown at [src/hotspot/share/prims/jni.cpp, line 617]
Event: 2670.715 Thread 0x0000022b5ffb6800 Exception <a 'sun/nio/fs/WindowsException'{0x000000008c35fbd8}> (0x000000008c35fbd8) thrown at [src/hotspot/share/prims/jni.cpp, line 617]
Event: 2670.715 Thread 0x0000022b5ffb6800 Exception <a 'sun/nio/fs/WindowsException'{0x000000008c35fc60}> (0x000000008c35fc60) thrown at [src/hotspot/share/prims/jni.cpp, line 617]
Event: 2670.715 Thread 0x0000022b5ffb6800 Exception <a 'sun/nio/fs/WindowsException'{0x000000008c361608}> (0x000000008c361608) thrown at [src/hotspot/share/prims/jni.cpp, line 617]
Event: 2738.173 Thread 0x0000022b661d0000 Exception <a 'sun/nio/fs/WindowsException'{0x000000008ed6be10}> (0x000000008ed6be10) thrown at [src/hotspot/share/prims/jni.cpp, line 617]
Event: 2738.544 Thread 0x0000022b661d0000 Exception <a 'sun/nio/fs/WindowsException'{0x000000008e2b8578}> (0x000000008e2b8578) thrown at [src/hotspot/share/prims/jni.cpp, line 617]
Event: 2738.576 Thread 0x0000022b661d0000 Exception <a 'sun/nio/fs/WindowsException'{0x000000008e15ac60}> (0x000000008e15ac60) thrown at [src/hotspot/share/prims/jni.cpp, line 617]
Event: 2738.576 Thread 0x0000022b661d0000 Exception <a 'sun/nio/fs/WindowsException'{0x000000008e15bec8}> (0x000000008e15bec8) thrown at [src/hotspot/share/prims/jni.cpp, line 617]
Event: 2738.576 Thread 0x0000022b661d0000 Exception <a 'sun/nio/fs/WindowsException'{0x000000008e15d180}> (0x000000008e15d180) thrown at [src/hotspot/share/prims/jni.cpp, line 617]
Event: 2738.576 Thread 0x0000022b661d0000 Exception <a 'sun/nio/fs/WindowsException'{0x000000008e15e438}> (0x000000008e15e438) thrown at [src/hotspot/share/prims/jni.cpp, line 617]
Event: 2739.157 Thread 0x0000022b5c1ca000 Exception <a 'sun/nio/fs/WindowsException'{0x000000008cec5940}> (0x000000008cec5940) thrown at [src/hotspot/share/prims/jni.cpp, line 617]
Event: 2739.158 Thread 0x0000022b5c1ca000 Exception <a 'sun/nio/fs/WindowsException'{0x000000008cec6818}> (0x000000008cec6818) thrown at [src/hotspot/share/prims/jni.cpp, line 617]
Event: 2739.159 Thread 0x0000022b5c1ca000 Exception <a 'sun/nio/fs/WindowsException'{0x000000008cec6bc0}> (0x000000008cec6bc0) thrown at [src/hotspot/share/prims/jni.cpp, line 617]
Event: 2739.159 Thread 0x0000022b5c1ca000 Exception <a 'sun/nio/fs/WindowsException'{0x000000008cec7a78}> (0x000000008cec7a78) thrown at [src/hotspot/share/prims/jni.cpp, line 617]
Event: 2739.159 Thread 0x0000022b5c1ca000 Exception <a 'sun/nio/fs/WindowsException'{0x000000008cec7de8}> (0x000000008cec7de8) thrown at [src/hotspot/share/prims/jni.cpp, line 617]
Event: 2739.159 Thread 0x0000022b5c1ca000 Exception <a 'sun/nio/fs/WindowsException'{0x000000008cec8cb8}> (0x000000008cec8cb8) thrown at [src/hotspot/share/prims/jni.cpp, line 617]
Event: 2739.159 Thread 0x0000022b5c1ca000 Exception <a 'sun/nio/fs/WindowsException'{0x000000008cec8fc8}> (0x000000008cec8fc8) thrown at [src/hotspot/share/prims/jni.cpp, line 617]
Event: 2739.160 Thread 0x0000022b5c1ca000 Exception <a 'sun/nio/fs/WindowsException'{0x000000008ceca108}> (0x000000008ceca108) thrown at [src/hotspot/share/prims/jni.cpp, line 617]
Event: 2739.160 Thread 0x0000022b5c1ca000 Exception <a 'sun/nio/fs/WindowsException'{0x000000008ceca418}> (0x000000008ceca418) thrown at [src/hotspot/share/prims/jni.cpp, line 617]

Events (20 events):
Event: 2739.103 Executing VM operation: RevokeBias
Event: 2739.104 Executing VM operation: RevokeBias done
Event: 2739.104 Executing VM operation: RevokeBias
Event: 2739.104 Executing VM operation: RevokeBias done
Event: 2739.104 Executing VM operation: RevokeBias
Event: 2739.104 Executing VM operation: RevokeBias done
Event: 2739.104 Executing VM operation: RevokeBias
Event: 2739.104 Executing VM operation: RevokeBias done
Event: 2739.105 Executing VM operation: RevokeBias
Event: 2739.106 Executing VM operation: RevokeBias done
Event: 2739.106 Executing VM operation: RevokeBias
Event: 2739.106 Executing VM operation: RevokeBias done
Event: 2739.106 Executing VM operation: RevokeBias
Event: 2739.106 Executing VM operation: RevokeBias done
Event: 2739.106 Executing VM operation: BulkRevokeBias
Event: 2739.116 Executing VM operation: BulkRevokeBias done
Event: 2739.163 Thread 0x0000022b5c1cd800 Thread added: 0x0000022b5c1cd800
Event: 2739.167 Executing VM operation: RevokeBias
Event: 2739.168 Executing VM operation: RevokeBias done
Event: 2739.200 Thread 0x0000022b5bb2a800 Thread added: 0x0000022b5bb2a800


Dynamic libraries:
0x00007ff648af0000 - 0x00007ff648afa000 	C:\Program Files\Android\Android Studio\jbr\bin\java.exe
0x00007ffd4e030000 - 0x00007ffd4e244000 	C:\WINDOWS\SYSTEM32\ntdll.dll
0x00007ffd4c2f0000 - 0x00007ffd4c3b2000 	C:\WINDOWS\System32\KERNEL32.DLL
0x00007ffd4b940000 - 0x00007ffd4bce3000 	C:\WINDOWS\System32\KERNELBASE.dll
0x00007ffd4b760000 - 0x00007ffd4b871000 	C:\WINDOWS\System32\ucrtbase.dll
0x00007ffd2bb50000 - 0x00007ffd2bb6b000 	C:\Program Files\Android\Android Studio\jbr\bin\VCRUNTIME140.dll
0x00007ffd2bb30000 - 0x00007ffd2bb47000 	C:\Program Files\Android\Android Studio\jbr\bin\jli.dll
0x00007ffd4de40000 - 0x00007ffd4dfeb000 	C:\WINDOWS\System32\USER32.dll
0x00007ffd2d800000 - 0x00007ffd2da8e000 	C:\WINDOWS\WinSxS\amd64_microsoft.windows.common-controls_6595b64144ccf1df_6.0.22621.1635_none_270f70857386168e\COMCTL32.dll
0x00007ffd4be30000 - 0x00007ffd4bed7000 	C:\WINDOWS\System32\msvcrt.dll
0x00007ffd4bd90000 - 0x00007ffd4bdb6000 	C:\WINDOWS\System32\win32u.dll
0x00007ffd4bee0000 - 0x00007ffd4bf09000 	C:\WINDOWS\System32\GDI32.dll
0x00007ffd4b640000 - 0x00007ffd4b758000 	C:\WINDOWS\System32\gdi32full.dll
0x00007ffd4bcf0000 - 0x00007ffd4bd8a000 	C:\WINDOWS\System32\msvcp_win.dll
0x00007ffd4c900000 - 0x00007ffd4c931000 	C:\WINDOWS\System32\IMM32.DLL
0x00007ffd2edd0000 - 0x00007ffd2eddc000 	C:\Program Files\Android\Android Studio\jbr\bin\vcruntime140_1.dll
0x00007ffd28fb0000 - 0x00007ffd2903d000 	C:\Program Files\Android\Android Studio\jbr\bin\msvcp140.dll
0x00007ffd04c20000 - 0x00007ffd057dc000 	C:\Program Files\Android\Android Studio\jbr\bin\server\jvm.dll
0x00007ffd4cec0000 - 0x00007ffd4cf6e000 	C:\WINDOWS\System32\ADVAPI32.dll
0x00007ffd4c3d0000 - 0x00007ffd4c474000 	C:\WINDOWS\System32\sechost.dll
0x00007ffd4db80000 - 0x00007ffd4dc97000 	C:\WINDOWS\System32\RPCRT4.dll
0x00007ffd4cf70000 - 0x00007ffd4cf78000 	C:\WINDOWS\System32\PSAPI.DLL
0x00007ffd44790000 - 0x00007ffd447c4000 	C:\WINDOWS\SYSTEM32\WINMM.dll
0x00007ffd39c30000 - 0x00007ffd39c39000 	C:\WINDOWS\SYSTEM32\WSOCK32.dll
0x00007ffd4c190000 - 0x00007ffd4c201000 	C:\WINDOWS\System32\WS2_32.dll
0x00007ffd43020000 - 0x00007ffd4302a000 	C:\WINDOWS\SYSTEM32\VERSION.dll
0x00007ffd4a4a0000 - 0x00007ffd4a4b8000 	C:\WINDOWS\SYSTEM32\kernel.appcore.dll
0x00007ffd33e00000 - 0x00007ffd33e10000 	C:\Program Files\Android\Android Studio\jbr\bin\verify.dll
0x00007ffd37b20000 - 0x00007ffd37d4e000 	C:\WINDOWS\SYSTEM32\DBGHELP.DLL
0x00007ffd4cb20000 - 0x00007ffd4cea9000 	C:\WINDOWS\System32\combase.dll
0x00007ffd4d2a0000 - 0x00007ffd4d377000 	C:\WINDOWS\System32\OLEAUT32.dll
0x00007ffd2e140000 - 0x00007ffd2e172000 	C:\WINDOWS\SYSTEM32\dbgcore.DLL
0x00007ffd4b5c0000 - 0x00007ffd4b63b000 	C:\WINDOWS\System32\bcryptPrimitives.dll
0x00007ffd32160000 - 0x00007ffd32188000 	C:\Program Files\Android\Android Studio\jbr\bin\java.dll
0x00007ffd338b0000 - 0x00007ffd338ba000 	C:\Program Files\Android\Android Studio\jbr\bin\jimage.dll
0x00007ffd32140000 - 0x00007ffd32158000 	C:\Program Files\Android\Android Studio\jbr\bin\zip.dll
0x00007ffd4d380000 - 0x00007ffd4db7a000 	C:\WINDOWS\System32\SHELL32.dll
0x00007ffd49450000 - 0x00007ffd49d1e000 	C:\WINDOWS\SYSTEM32\windows.storage.dll
0x00007ffd49310000 - 0x00007ffd4944e000 	C:\WINDOWS\SYSTEM32\wintypes.dll
0x00007ffd4d040000 - 0x00007ffd4d131000 	C:\WINDOWS\System32\SHCORE.dll
0x00007ffd4c110000 - 0x00007ffd4c16e000 	C:\WINDOWS\System32\shlwapi.dll
0x00007ffd4b380000 - 0x00007ffd4b3a1000 	C:\WINDOWS\SYSTEM32\profapi.dll
0x00007ffd2f1c0000 - 0x00007ffd2f1d9000 	C:\Program Files\Android\Android Studio\jbr\bin\net.dll
0x00007ffd43c30000 - 0x00007ffd43d67000 	C:\WINDOWS\SYSTEM32\WINHTTP.dll
0x00007ffd4a910000 - 0x00007ffd4a979000 	C:\WINDOWS\system32\mswsock.dll
0x00007ffd2f1a0000 - 0x00007ffd2f1b3000 	C:\Program Files\Android\Android Studio\jbr\bin\nio.dll
0x00007ffd2c7b0000 - 0x00007ffd2c7d7000 	C:\Users\soumy\.gradle\native\e1d6ef7f7dcc3fd88c89a11ec53ec762bb8ba0a96d01ffa2cd45eb1d1d8dd5c5\windows-amd64\native-platform.dll
0x00007ffd10ae0000 - 0x00007ffd10c24000 	C:\Users\soumy\.gradle\native\0d407fdbe67a94daf76414ababcb853783967236a71b16ec16e742cd7a986fd3\windows-amd64\native-platform-file-events.dll
0x00007ffd32130000 - 0x00007ffd3213a000 	C:\Program Files\Android\Android Studio\jbr\bin\management.dll
0x00007ffd308f0000 - 0x00007ffd308fb000 	C:\Program Files\Android\Android Studio\jbr\bin\management_ext.dll
0x00007ffd4ab70000 - 0x00007ffd4ab8b000 	C:\WINDOWS\SYSTEM32\CRYPTSP.dll
0x00007ffd4a410000 - 0x00007ffd4a445000 	C:\WINDOWS\system32\rsaenh.dll
0x00007ffd4aa10000 - 0x00007ffd4aa38000 	C:\WINDOWS\SYSTEM32\USERENV.dll
0x00007ffd4ad30000 - 0x00007ffd4ad58000 	C:\WINDOWS\SYSTEM32\bcrypt.dll
0x00007ffd4ab90000 - 0x00007ffd4ab9c000 	C:\WINDOWS\SYSTEM32\CRYPTBASE.dll
0x00007ffd49fc0000 - 0x00007ffd49fed000 	C:\WINDOWS\SYSTEM32\IPHLPAPI.DLL
0x00007ffd4cf80000 - 0x00007ffd4cf89000 	C:\WINDOWS\System32\NSI.dll
0x00007ffd441b0000 - 0x00007ffd441c9000 	C:\WINDOWS\SYSTEM32\dhcpcsvc6.DLL
0x00007ffd43c10000 - 0x00007ffd43c2f000 	C:\WINDOWS\SYSTEM32\dhcpcsvc.DLL
0x00007ffd4a040000 - 0x00007ffd4a133000 	C:\WINDOWS\SYSTEM32\DNSAPI.dll
0x00007ffd141a0000 - 0x00007ffd141b7000 	C:\WINDOWS\system32\napinsp.dll
0x00007ffd13fc0000 - 0x00007ffd13fdb000 	C:\WINDOWS\system32\pnrpnsp.dll
0x00007ffd140d0000 - 0x00007ffd140e1000 	C:\WINDOWS\System32\winrnr.dll
0x00007ffd43120000 - 0x00007ffd43135000 	C:\WINDOWS\system32\wshbth.dll
0x00007ffd2eb40000 - 0x00007ffd2eb61000 	C:\WINDOWS\system32\nlansp_c.dll
0x00007ffd330a0000 - 0x00007ffd330aa000 	C:\Windows\System32\rasadhlp.dll
0x00007ffd428f0000 - 0x00007ffd42974000 	C:\WINDOWS\System32\fwpuclnt.dll
0x00007ffd4a4c0000 - 0x00007ffd4a4f4000 	C:\WINDOWS\SYSTEM32\ntmarta.dll
0x00007ffd29600000 - 0x00007ffd2961e000 	C:\Users\soumy\AppData\Local\Temp\native-platform4594354083183822990dir\native-platform.dll
0x00007ffd2b060000 - 0x00007ffd2b067000 	C:\Program Files\Android\Android Studio\jbr\bin\rmi.dll
0x00007ffd2ede0000 - 0x00007ffd2ee07000 	C:\Program Files\Android\Android Studio\jbr\bin\sunec.dll

dbghelp: loaded successfully - version: 4.0.5 - missing functions: none
symbol engine: initialized successfully - sym options: 0x614 - pdb path: .;C:\Program Files\Android\Android Studio\jbr\bin;C:\WINDOWS\SYSTEM32;C:\WINDOWS\WinSxS\amd64_microsoft.windows.common-controls_6595b64144ccf1df_6.0.22621.1635_none_270f70857386168e;C:\Program Files\Android\Android Studio\jbr\bin\server;C:\Users\soumy\.gradle\native\e1d6ef7f7dcc3fd88c89a11ec53ec762bb8ba0a96d01ffa2cd45eb1d1d8dd5c5\windows-amd64;C:\Users\soumy\.gradle\native\0d407fdbe67a94daf76414ababcb853783967236a71b16ec16e742cd7a986fd3\windows-amd64;C:\Users\soumy\AppData\Local\Temp\native-platform4594354083183822990dir

VM Arguments:
jvm_args: --add-opens=java.base/java.util=ALL-UNNAMED --add-opens=java.base/java.lang=ALL-UNNAMED --add-opens=java.base/java.lang.invoke=ALL-UNNAMED --add-opens=java.base/java.util=ALL-UNNAMED --add-opens=java.prefs/java.util.prefs=ALL-UNNAMED --add-opens=java.prefs/java.util.prefs=ALL-UNNAMED --add-opens=java.base/java.nio.charset=ALL-UNNAMED --add-opens=java.base/java.net=ALL-UNNAMED --add-opens=java.base/java.util.concurrent.atomic=ALL-UNNAMED -Xmx2048m -Dfile.encoding=UTF-8 -Duser.country=IN -Duser.language=en -Duser.variant 
java_command: org.gradle.launcher.daemon.bootstrap.GradleDaemon 7.5
java_class_path (initial): C:\Users\soumy\.gradle\wrapper\dists\gradle-7.5-bin\f1w0cc9nuo0eivz97x2xlu9sv\gradle-7.5\lib\gradle-launcher-7.5.jar
Launcher Type: SUN_STANDARD

[Global flags]
     intx CICompilerCount                          = 4                                         {product} {ergonomic}
     uint ConcGCThreads                            = 2                                         {product} {ergonomic}
     uint G1ConcRefinementThreads                  = 8                                         {product} {ergonomic}
   size_t G1HeapRegionSize                         = 1048576                                   {product} {ergonomic}
    uintx GCDrainStackTargetSize                   = 64                                        {product} {ergonomic}
   size_t InitialHeapSize                          = 100663296                                 {product} {ergonomic}
   size_t MarkStackSize                            = 4194304                                   {product} {ergonomic}
   size_t MaxHeapSize                              = 2147483648                                {product} {command line}
   size_t MaxNewSize                               = 1287651328                                {product} {ergonomic}
   size_t MinHeapDeltaBytes                        = 1048576                                   {product} {ergonomic}
    uintx NonNMethodCodeHeapSize                   = 5836300                                {pd product} {ergonomic}
    uintx NonProfiledCodeHeapSize                  = 122910970                              {pd product} {ergonomic}
    uintx ProfiledCodeHeapSize                     = 122910970                              {pd product} {ergonomic}
    uintx ReservedCodeCacheSize                    = 251658240                              {pd product} {ergonomic}
     bool SegmentedCodeCache                       = true                                      {product} {ergonomic}
     bool UseCompressedClassPointers               = true                                 {lp64_product} {ergonomic}
     bool UseCompressedOops                        = true                                 {lp64_product} {ergonomic}
     bool UseG1GC                                  = true                                      {product} {ergonomic}
     bool UseLargePagesIndividualAllocation        = false                                  {pd product} {ergonomic}

Logging:
Log output configuration:
 #0: stdout all=warning uptime,level,tags
 #1: stderr all=off uptime,level,tags

Environment Variables:
PATH=C:\Python311\Scripts\;C:\Python311\;C:\Program Files\Common Files\Oracle\Java\javapath;C:\WINDOWS\system32;C:\WINDOWS;C:\WINDOWS\System32\Wbem;C:\WINDOWS\System32\WindowsPowerShell\v1.0\;C:\WINDOWS\System32\OpenSSH\;C:\Program Files\MATLAB\R2022a\bin;C:\Program Files\Git\cmd;C:\Program Files\nodejs\;C:\ProgramData\chocolatey\bin;C:\Users\soumy\scoop\apps\gsudo\current;C:\Users\soumy\scoop\shims;C:\Users\soumy\AppData\Local\Programs\Python\Python310\Scripts\;C:\Users\soumy\AppData\Local\Programs\Python\Python310\;C:\Users\soumy\AppData\Local\Microsoft\WindowsApps;C:\Users\soumy\AppData\Local\Programs\MiKTeX\miktex\bin\x64\;C:\intelFPGA_lite\20.1\modelsim_ase\win32aloem;C:\Users\soumy\AppData\Local\Programs\Microsoft VS Code\bin;C:\Program Files (x86)\Vim\vim90\;C:\Program Files (x86)\Atmel\Flip 3.4.7\bin;C:\Program Files\Java\jdk-20\bin\java.exe;;C:\Program Files\JetBrains\IntelliJ IDEA Community Edition 2022.3.3\bin;;C:\Users\soumy\AppData\Roaming\npm
USERNAME=soumy
OS=Windows_NT
PROCESSOR_IDENTIFIER=AMD64 Family 23 Model 24 Stepping 1, AuthenticAMD



---------------  S Y S T E M  ---------------

OS: Windows 11 , 64 bit Build 22621 (10.0.22621.1635)
OS uptime: 1 days 0:13 hours

CPU:total 8 (initial active 8) (8 cores per cpu, 2 threads per core) family 23 model 24 stepping 1 microcode 0x0, cmov, cx8, fxsr, mmx, sse, sse2, sse3, ssse3, sse4.1, sse4.2, popcnt, avx, avx2, aes, clmul, mmxext, 3dnowpref, lzcnt, sse4a, ht, tsc, tscinvbit, tscinv, bmi1, bmi2, adx, sha, fma

Memory: 4k page, system-wide physical 6020M (1167M free)
TotalPageFile size 24452M (AvailPageFile size 5M)
current process WorkingSet (physical memory assigned to process): 342M, peak: 472M
current process commit charge ("private bytes"): 668M, peak: 671M

vm_info: OpenJDK 64-Bit Server VM (11.0.15+0-b2043.56-9505619) for windows-amd64 JRE (11.0.15+0-b2043.56-9505619), built on Jan 19 2023 02:48:00 by "builduser" with unknown MS VC++:1929

END.
